{"/Users/farce/Desktop/dev/PropertyPro-lite/PropertyPro-lite/API/test/index.js":{"path":"/Users/farce/Desktop/dev/PropertyPro-lite/PropertyPro-lite/API/test/index.js","statementMap":{"0":{"start":{"line":3,"column":12},"end":{"line":3,"column":27}},"1":{"start":{"line":5,"column":13},"end":{"line":5,"column":42}},"2":{"start":{"line":7,"column":16},"end":{"line":7,"column":36}},"3":{"start":{"line":9,"column":17},"end":{"line":9,"column":50}},"4":{"start":{"line":11,"column":16},"end":{"line":11,"column":36}},"5":{"start":{"line":13,"column":17},"end":{"line":13,"column":50}},"6":{"start":{"line":15,"column":18},"end":{"line":15,"column":40}},"7":{"start":{"line":17,"column":19},"end":{"line":17,"column":54}},"8":{"start":{"line":19,"column":11},"end":{"line":19,"column":28}},"9":{"start":{"line":21,"column":12},"end":{"line":21,"column":40}},"10":{"start":{"line":23,"column":22},"end":{"line":23,"column":62}},"11":{"start":{"line":25,"column":23},"end":{"line":25,"column":62}},"12":{"start":{"line":27,"column":26},"end":{"line":27,"column":70}},"13":{"start":{"line":29,"column":27},"end":{"line":29,"column":70}},"14":{"start":{"line":31,"column":10},"end":{"line":31,"column":29}},"15":{"start":{"line":33,"column":39},"end":{"line":33,"column":93}},"16":{"start":{"line":35,"column":13},"end":{"line":35,"column":34}},"17":{"start":{"line":37,"column":0},"end":{"line":37,"column":39}},"18":{"start":{"line":38,"column":0},"end":{"line":38,"column":39}},"19":{"start":{"line":39,"column":0},"end":{"line":39,"column":41}},"20":{"start":{"line":40,"column":0},"end":{"line":40,"column":24}},"21":{"start":{"line":42,"column":17},"end":{"line":42,"column":26}},"22":{"start":{"line":44,"column":19},"end":{"line":44,"column":45}},"23":{"start":{"line":45,"column":20},"end":{"line":45,"column":47}},"24":{"start":{"line":46,"column":18},"end":{"line":46,"column":42}},"25":{"start":{"line":48,"column":16},"end":{"line":48,"column":18}},"26":{"start":{"line":49,"column":17},"end":{"line":49,"column":19}},"27":{"start":{"line":51,"column":0},"end":{"line":65,"column":3}},"28":{"start":{"line":52,"column":24},"end":{"line":60,"column":3}},"29":{"start":{"line":61,"column":2},"end":{"line":64,"column":5}},"30":{"start":{"line":62,"column":4},"end":{"line":62,"column":36}},"31":{"start":{"line":63,"column":4},"end":{"line":63,"column":11}},"32":{"start":{"line":67,"column":0},"end":{"line":80,"column":3}},"33":{"start":{"line":68,"column":25},"end":{"line":75,"column":3}},"34":{"start":{"line":76,"column":2},"end":{"line":79,"column":5}},"35":{"start":{"line":77,"column":4},"end":{"line":77,"column":37}},"36":{"start":{"line":78,"column":4},"end":{"line":78,"column":11}},"37":{"start":{"line":83,"column":0},"end":{"line":113,"column":3}},"38":{"start":{"line":85,"column":2},"end":{"line":90,"column":5}},"39":{"start":{"line":86,"column":4},"end":{"line":89,"column":7}},"40":{"start":{"line":87,"column":6},"end":{"line":87,"column":39}},"41":{"start":{"line":88,"column":6},"end":{"line":88,"column":13}},"42":{"start":{"line":91,"column":2},"end":{"line":98,"column":5}},"43":{"start":{"line":92,"column":4},"end":{"line":97,"column":7}},"44":{"start":{"line":93,"column":6},"end":{"line":93,"column":39}},"45":{"start":{"line":94,"column":6},"end":{"line":94,"column":51}},"46":{"start":{"line":95,"column":6},"end":{"line":95,"column":74}},"47":{"start":{"line":96,"column":6},"end":{"line":96,"column":13}},"48":{"start":{"line":100,"column":2},"end":{"line":105,"column":5}},"49":{"start":{"line":101,"column":4},"end":{"line":104,"column":7}},"50":{"start":{"line":102,"column":6},"end":{"line":102,"column":39}},"51":{"start":{"line":103,"column":6},"end":{"line":103,"column":13}},"52":{"start":{"line":107,"column":2},"end":{"line":112,"column":5}},"53":{"start":{"line":108,"column":4},"end":{"line":111,"column":7}},"54":{"start":{"line":109,"column":6},"end":{"line":109,"column":38}},"55":{"start":{"line":110,"column":6},"end":{"line":110,"column":13}},"56":{"start":{"line":116,"column":0},"end":{"line":355,"column":3}},"57":{"start":{"line":117,"column":2},"end":{"line":130,"column":5}},"58":{"start":{"line":118,"column":4},"end":{"line":129,"column":7}},"59":{"start":{"line":125,"column":6},"end":{"line":125,"column":38}},"60":{"start":{"line":126,"column":6},"end":{"line":126,"column":51}},"61":{"start":{"line":127,"column":6},"end":{"line":127,"column":62}},"62":{"start":{"line":128,"column":6},"end":{"line":128,"column":13}},"63":{"start":{"line":131,"column":2},"end":{"line":145,"column":5}},"64":{"start":{"line":132,"column":4},"end":{"line":144,"column":7}},"65":{"start":{"line":140,"column":6},"end":{"line":140,"column":38}},"66":{"start":{"line":141,"column":6},"end":{"line":141,"column":51}},"67":{"start":{"line":142,"column":6},"end":{"line":142,"column":67}},"68":{"start":{"line":143,"column":6},"end":{"line":143,"column":13}},"69":{"start":{"line":146,"column":2},"end":{"line":160,"column":5}},"70":{"start":{"line":147,"column":4},"end":{"line":159,"column":7}},"71":{"start":{"line":155,"column":6},"end":{"line":155,"column":38}},"72":{"start":{"line":156,"column":6},"end":{"line":156,"column":51}},"73":{"start":{"line":157,"column":6},"end":{"line":157,"column":85}},"74":{"start":{"line":158,"column":6},"end":{"line":158,"column":13}},"75":{"start":{"line":161,"column":2},"end":{"line":175,"column":5}},"76":{"start":{"line":162,"column":4},"end":{"line":174,"column":7}},"77":{"start":{"line":170,"column":6},"end":{"line":170,"column":38}},"78":{"start":{"line":171,"column":6},"end":{"line":171,"column":51}},"79":{"start":{"line":172,"column":6},"end":{"line":172,"column":66}},"80":{"start":{"line":173,"column":6},"end":{"line":173,"column":13}},"81":{"start":{"line":176,"column":2},"end":{"line":190,"column":5}},"82":{"start":{"line":177,"column":4},"end":{"line":189,"column":7}},"83":{"start":{"line":185,"column":6},"end":{"line":185,"column":38}},"84":{"start":{"line":186,"column":6},"end":{"line":186,"column":51}},"85":{"start":{"line":187,"column":6},"end":{"line":187,"column":93}},"86":{"start":{"line":188,"column":6},"end":{"line":188,"column":13}},"87":{"start":{"line":191,"column":2},"end":{"line":205,"column":5}},"88":{"start":{"line":192,"column":4},"end":{"line":204,"column":7}},"89":{"start":{"line":200,"column":6},"end":{"line":200,"column":38}},"90":{"start":{"line":201,"column":6},"end":{"line":201,"column":51}},"91":{"start":{"line":202,"column":6},"end":{"line":202,"column":85}},"92":{"start":{"line":203,"column":6},"end":{"line":203,"column":13}},"93":{"start":{"line":206,"column":2},"end":{"line":220,"column":5}},"94":{"start":{"line":207,"column":4},"end":{"line":219,"column":7}},"95":{"start":{"line":215,"column":6},"end":{"line":215,"column":38}},"96":{"start":{"line":216,"column":6},"end":{"line":216,"column":51}},"97":{"start":{"line":217,"column":6},"end":{"line":217,"column":65}},"98":{"start":{"line":218,"column":6},"end":{"line":218,"column":13}},"99":{"start":{"line":221,"column":2},"end":{"line":235,"column":5}},"100":{"start":{"line":222,"column":4},"end":{"line":234,"column":7}},"101":{"start":{"line":230,"column":6},"end":{"line":230,"column":38}},"102":{"start":{"line":231,"column":6},"end":{"line":231,"column":51}},"103":{"start":{"line":232,"column":6},"end":{"line":232,"column":84}},"104":{"start":{"line":233,"column":6},"end":{"line":233,"column":13}},"105":{"start":{"line":236,"column":2},"end":{"line":250,"column":5}},"106":{"start":{"line":237,"column":4},"end":{"line":249,"column":7}},"107":{"start":{"line":245,"column":6},"end":{"line":245,"column":38}},"108":{"start":{"line":246,"column":6},"end":{"line":246,"column":51}},"109":{"start":{"line":247,"column":6},"end":{"line":247,"column":65}},"110":{"start":{"line":248,"column":6},"end":{"line":248,"column":13}},"111":{"start":{"line":251,"column":2},"end":{"line":264,"column":5}},"112":{"start":{"line":252,"column":4},"end":{"line":263,"column":7}},"113":{"start":{"line":259,"column":6},"end":{"line":259,"column":38}},"114":{"start":{"line":260,"column":6},"end":{"line":260,"column":51}},"115":{"start":{"line":261,"column":6},"end":{"line":261,"column":62}},"116":{"start":{"line":262,"column":6},"end":{"line":262,"column":13}},"117":{"start":{"line":265,"column":2},"end":{"line":279,"column":5}},"118":{"start":{"line":266,"column":4},"end":{"line":278,"column":7}},"119":{"start":{"line":274,"column":6},"end":{"line":274,"column":38}},"120":{"start":{"line":275,"column":6},"end":{"line":275,"column":51}},"121":{"start":{"line":276,"column":6},"end":{"line":276,"column":61}},"122":{"start":{"line":277,"column":6},"end":{"line":277,"column":13}},"123":{"start":{"line":280,"column":2},"end":{"line":294,"column":5}},"124":{"start":{"line":281,"column":4},"end":{"line":293,"column":7}},"125":{"start":{"line":289,"column":6},"end":{"line":289,"column":38}},"126":{"start":{"line":290,"column":6},"end":{"line":290,"column":51}},"127":{"start":{"line":291,"column":6},"end":{"line":291,"column":64}},"128":{"start":{"line":292,"column":6},"end":{"line":292,"column":13}},"129":{"start":{"line":295,"column":2},"end":{"line":308,"column":5}},"130":{"start":{"line":296,"column":4},"end":{"line":307,"column":7}},"131":{"start":{"line":303,"column":6},"end":{"line":303,"column":38}},"132":{"start":{"line":304,"column":6},"end":{"line":304,"column":51}},"133":{"start":{"line":305,"column":6},"end":{"line":305,"column":62}},"134":{"start":{"line":306,"column":6},"end":{"line":306,"column":13}},"135":{"start":{"line":309,"column":2},"end":{"line":323,"column":5}},"136":{"start":{"line":310,"column":4},"end":{"line":322,"column":7}},"137":{"start":{"line":318,"column":6},"end":{"line":318,"column":38}},"138":{"start":{"line":319,"column":6},"end":{"line":319,"column":51}},"139":{"start":{"line":320,"column":6},"end":{"line":320,"column":69}},"140":{"start":{"line":321,"column":6},"end":{"line":321,"column":13}},"141":{"start":{"line":324,"column":2},"end":{"line":339,"column":5}},"142":{"start":{"line":325,"column":4},"end":{"line":338,"column":7}},"143":{"start":{"line":333,"column":6},"end":{"line":333,"column":38}},"144":{"start":{"line":334,"column":6},"end":{"line":334,"column":51}},"145":{"start":{"line":335,"column":6},"end":{"line":335,"column":108}},"146":{"start":{"line":337,"column":6},"end":{"line":337,"column":13}},"147":{"start":{"line":340,"column":2},"end":{"line":354,"column":5}},"148":{"start":{"line":341,"column":23},"end":{"line":348,"column":5}},"149":{"start":{"line":349,"column":17},"end":{"line":349,"column":48}},"150":{"start":{"line":351,"column":4},"end":{"line":351,"column":83}},"151":{"start":{"line":353,"column":4},"end":{"line":353,"column":11}},"152":{"start":{"line":358,"column":0},"end":{"line":436,"column":3}},"153":{"start":{"line":359,"column":2},"end":{"line":369,"column":5}},"154":{"start":{"line":360,"column":4},"end":{"line":368,"column":7}},"155":{"start":{"line":364,"column":6},"end":{"line":364,"column":38}},"156":{"start":{"line":365,"column":6},"end":{"line":365,"column":51}},"157":{"start":{"line":366,"column":6},"end":{"line":366,"column":60}},"158":{"start":{"line":367,"column":6},"end":{"line":367,"column":13}},"159":{"start":{"line":370,"column":2},"end":{"line":380,"column":5}},"160":{"start":{"line":371,"column":4},"end":{"line":379,"column":7}},"161":{"start":{"line":375,"column":6},"end":{"line":375,"column":38}},"162":{"start":{"line":376,"column":6},"end":{"line":376,"column":51}},"163":{"start":{"line":377,"column":6},"end":{"line":377,"column":78}},"164":{"start":{"line":378,"column":6},"end":{"line":378,"column":13}},"165":{"start":{"line":381,"column":2},"end":{"line":391,"column":5}},"166":{"start":{"line":382,"column":4},"end":{"line":390,"column":7}},"167":{"start":{"line":386,"column":6},"end":{"line":386,"column":38}},"168":{"start":{"line":387,"column":6},"end":{"line":387,"column":51}},"169":{"start":{"line":388,"column":6},"end":{"line":388,"column":62}},"170":{"start":{"line":389,"column":6},"end":{"line":389,"column":13}},"171":{"start":{"line":392,"column":2},"end":{"line":402,"column":5}},"172":{"start":{"line":393,"column":4},"end":{"line":401,"column":7}},"173":{"start":{"line":397,"column":6},"end":{"line":397,"column":38}},"174":{"start":{"line":398,"column":6},"end":{"line":398,"column":51}},"175":{"start":{"line":399,"column":6},"end":{"line":399,"column":61}},"176":{"start":{"line":400,"column":6},"end":{"line":400,"column":13}},"177":{"start":{"line":403,"column":2},"end":{"line":413,"column":5}},"178":{"start":{"line":404,"column":4},"end":{"line":412,"column":7}},"179":{"start":{"line":408,"column":6},"end":{"line":408,"column":38}},"180":{"start":{"line":409,"column":6},"end":{"line":409,"column":51}},"181":{"start":{"line":410,"column":6},"end":{"line":410,"column":65}},"182":{"start":{"line":411,"column":6},"end":{"line":411,"column":13}},"183":{"start":{"line":414,"column":2},"end":{"line":424,"column":5}},"184":{"start":{"line":415,"column":4},"end":{"line":423,"column":7}},"185":{"start":{"line":419,"column":6},"end":{"line":419,"column":38}},"186":{"start":{"line":420,"column":6},"end":{"line":420,"column":53}},"187":{"start":{"line":421,"column":6},"end":{"line":421,"column":97}},"188":{"start":{"line":422,"column":6},"end":{"line":422,"column":13}},"189":{"start":{"line":425,"column":2},"end":{"line":435,"column":5}},"190":{"start":{"line":426,"column":22},"end":{"line":429,"column":5}},"191":{"start":{"line":430,"column":16},"end":{"line":430,"column":46}},"192":{"start":{"line":432,"column":4},"end":{"line":432,"column":81}},"193":{"start":{"line":434,"column":4},"end":{"line":434,"column":11}},"194":{"start":{"line":439,"column":0},"end":{"line":734,"column":3}},"195":{"start":{"line":440,"column":19},"end":{"line":450,"column":3}},"196":{"start":{"line":451,"column":17},"end":{"line":460,"column":3}},"197":{"start":{"line":461,"column":25},"end":{"line":471,"column":3}},"198":{"start":{"line":472,"column":18},"end":{"line":481,"column":3}},"199":{"start":{"line":482,"column":26},"end":{"line":492,"column":3}},"200":{"start":{"line":493,"column":15},"end":{"line":502,"column":3}},"201":{"start":{"line":503,"column":23},"end":{"line":513,"column":3}},"202":{"start":{"line":514,"column":16},"end":{"line":523,"column":3}},"203":{"start":{"line":524,"column":24},"end":{"line":534,"column":3}},"204":{"start":{"line":535,"column":16},"end":{"line":544,"column":3}},"205":{"start":{"line":545,"column":24},"end":{"line":555,"column":3}},"206":{"start":{"line":556,"column":16},"end":{"line":565,"column":3}},"207":{"start":{"line":566,"column":24},"end":{"line":576,"column":3}},"208":{"start":{"line":577,"column":20},"end":{"line":586,"column":3}},"209":{"start":{"line":587,"column":28},"end":{"line":597,"column":3}},"210":{"start":{"line":598,"column":2},"end":{"line":606,"column":5}},"211":{"start":{"line":599,"column":4},"end":{"line":605,"column":7}},"212":{"start":{"line":600,"column":6},"end":{"line":600,"column":38}},"213":{"start":{"line":601,"column":6},"end":{"line":601,"column":51}},"214":{"start":{"line":602,"column":6},"end":{"line":602,"column":79}},"215":{"start":{"line":603,"column":6},"end":{"line":603,"column":139}},"216":{"start":{"line":604,"column":6},"end":{"line":604,"column":13}},"217":{"start":{"line":607,"column":2},"end":{"line":614,"column":5}},"218":{"start":{"line":608,"column":4},"end":{"line":613,"column":7}},"219":{"start":{"line":609,"column":6},"end":{"line":609,"column":38}},"220":{"start":{"line":610,"column":6},"end":{"line":610,"column":52}},"221":{"start":{"line":611,"column":6},"end":{"line":611,"column":57}},"222":{"start":{"line":612,"column":6},"end":{"line":612,"column":13}},"223":{"start":{"line":615,"column":2},"end":{"line":622,"column":5}},"224":{"start":{"line":616,"column":4},"end":{"line":621,"column":7}},"225":{"start":{"line":617,"column":6},"end":{"line":617,"column":38}},"226":{"start":{"line":618,"column":6},"end":{"line":618,"column":51}},"227":{"start":{"line":619,"column":6},"end":{"line":619,"column":68}},"228":{"start":{"line":620,"column":6},"end":{"line":620,"column":13}},"229":{"start":{"line":623,"column":2},"end":{"line":630,"column":5}},"230":{"start":{"line":624,"column":4},"end":{"line":629,"column":7}},"231":{"start":{"line":625,"column":6},"end":{"line":625,"column":38}},"232":{"start":{"line":626,"column":6},"end":{"line":626,"column":51}},"233":{"start":{"line":627,"column":6},"end":{"line":627,"column":94}},"234":{"start":{"line":628,"column":6},"end":{"line":628,"column":13}},"235":{"start":{"line":631,"column":2},"end":{"line":638,"column":5}},"236":{"start":{"line":632,"column":4},"end":{"line":637,"column":7}},"237":{"start":{"line":633,"column":6},"end":{"line":633,"column":38}},"238":{"start":{"line":634,"column":6},"end":{"line":634,"column":51}},"239":{"start":{"line":635,"column":6},"end":{"line":635,"column":77}},"240":{"start":{"line":636,"column":6},"end":{"line":636,"column":13}},"241":{"start":{"line":639,"column":2},"end":{"line":646,"column":5}},"242":{"start":{"line":640,"column":4},"end":{"line":645,"column":7}},"243":{"start":{"line":641,"column":6},"end":{"line":641,"column":38}},"244":{"start":{"line":642,"column":6},"end":{"line":642,"column":51}},"245":{"start":{"line":643,"column":6},"end":{"line":643,"column":90}},"246":{"start":{"line":644,"column":6},"end":{"line":644,"column":13}},"247":{"start":{"line":647,"column":2},"end":{"line":654,"column":5}},"248":{"start":{"line":648,"column":4},"end":{"line":653,"column":7}},"249":{"start":{"line":649,"column":6},"end":{"line":649,"column":38}},"250":{"start":{"line":650,"column":6},"end":{"line":650,"column":51}},"251":{"start":{"line":651,"column":6},"end":{"line":651,"column":68}},"252":{"start":{"line":652,"column":6},"end":{"line":652,"column":13}},"253":{"start":{"line":655,"column":2},"end":{"line":662,"column":5}},"254":{"start":{"line":656,"column":4},"end":{"line":661,"column":7}},"255":{"start":{"line":657,"column":6},"end":{"line":657,"column":38}},"256":{"start":{"line":658,"column":6},"end":{"line":658,"column":51}},"257":{"start":{"line":659,"column":6},"end":{"line":659,"column":82}},"258":{"start":{"line":660,"column":6},"end":{"line":660,"column":13}},"259":{"start":{"line":663,"column":2},"end":{"line":670,"column":5}},"260":{"start":{"line":664,"column":4},"end":{"line":669,"column":7}},"261":{"start":{"line":665,"column":6},"end":{"line":665,"column":38}},"262":{"start":{"line":666,"column":6},"end":{"line":666,"column":51}},"263":{"start":{"line":667,"column":6},"end":{"line":667,"column":67}},"264":{"start":{"line":668,"column":6},"end":{"line":668,"column":13}},"265":{"start":{"line":671,"column":2},"end":{"line":678,"column":5}},"266":{"start":{"line":672,"column":4},"end":{"line":677,"column":7}},"267":{"start":{"line":673,"column":6},"end":{"line":673,"column":38}},"268":{"start":{"line":674,"column":6},"end":{"line":674,"column":51}},"269":{"start":{"line":675,"column":6},"end":{"line":675,"column":78}},"270":{"start":{"line":676,"column":6},"end":{"line":676,"column":13}},"271":{"start":{"line":679,"column":2},"end":{"line":686,"column":5}},"272":{"start":{"line":680,"column":4},"end":{"line":685,"column":7}},"273":{"start":{"line":681,"column":6},"end":{"line":681,"column":38}},"274":{"start":{"line":682,"column":6},"end":{"line":682,"column":51}},"275":{"start":{"line":683,"column":6},"end":{"line":683,"column":67}},"276":{"start":{"line":684,"column":6},"end":{"line":684,"column":13}},"277":{"start":{"line":687,"column":2},"end":{"line":694,"column":5}},"278":{"start":{"line":688,"column":4},"end":{"line":693,"column":7}},"279":{"start":{"line":689,"column":6},"end":{"line":689,"column":38}},"280":{"start":{"line":690,"column":6},"end":{"line":690,"column":51}},"281":{"start":{"line":691,"column":6},"end":{"line":691,"column":78}},"282":{"start":{"line":692,"column":6},"end":{"line":692,"column":13}},"283":{"start":{"line":695,"column":2},"end":{"line":702,"column":5}},"284":{"start":{"line":696,"column":4},"end":{"line":701,"column":7}},"285":{"start":{"line":697,"column":6},"end":{"line":697,"column":38}},"286":{"start":{"line":698,"column":6},"end":{"line":698,"column":51}},"287":{"start":{"line":699,"column":6},"end":{"line":699,"column":70}},"288":{"start":{"line":700,"column":6},"end":{"line":700,"column":13}},"289":{"start":{"line":703,"column":2},"end":{"line":710,"column":5}},"290":{"start":{"line":704,"column":4},"end":{"line":709,"column":7}},"291":{"start":{"line":705,"column":6},"end":{"line":705,"column":38}},"292":{"start":{"line":706,"column":6},"end":{"line":706,"column":51}},"293":{"start":{"line":707,"column":6},"end":{"line":707,"column":71}},"294":{"start":{"line":708,"column":6},"end":{"line":708,"column":13}},"295":{"start":{"line":711,"column":2},"end":{"line":718,"column":5}},"296":{"start":{"line":712,"column":4},"end":{"line":717,"column":7}},"297":{"start":{"line":713,"column":6},"end":{"line":713,"column":38}},"298":{"start":{"line":714,"column":6},"end":{"line":714,"column":51}},"299":{"start":{"line":715,"column":6},"end":{"line":715,"column":63}},"300":{"start":{"line":716,"column":6},"end":{"line":716,"column":13}},"301":{"start":{"line":719,"column":2},"end":{"line":726,"column":5}},"302":{"start":{"line":720,"column":4},"end":{"line":725,"column":7}},"303":{"start":{"line":721,"column":6},"end":{"line":721,"column":38}},"304":{"start":{"line":722,"column":6},"end":{"line":722,"column":51}},"305":{"start":{"line":723,"column":6},"end":{"line":723,"column":69}},"306":{"start":{"line":724,"column":6},"end":{"line":724,"column":13}},"307":{"start":{"line":727,"column":2},"end":{"line":733,"column":5}},"308":{"start":{"line":728,"column":26},"end":{"line":728,"column":70}},"309":{"start":{"line":730,"column":4},"end":{"line":730,"column":90}},"310":{"start":{"line":732,"column":4},"end":{"line":732,"column":11}},"311":{"start":{"line":736,"column":0},"end":{"line":782,"column":3}},"312":{"start":{"line":737,"column":2},"end":{"line":759,"column":5}},"313":{"start":{"line":738,"column":4},"end":{"line":758,"column":7}},"314":{"start":{"line":739,"column":6},"end":{"line":739,"column":38}},"315":{"start":{"line":740,"column":6},"end":{"line":740,"column":47}},"316":{"start":{"line":741,"column":6},"end":{"line":741,"column":80}},"317":{"start":{"line":742,"column":6},"end":{"line":756,"column":9}},"318":{"start":{"line":757,"column":6},"end":{"line":757,"column":13}},"319":{"start":{"line":760,"column":2},"end":{"line":767,"column":5}},"320":{"start":{"line":761,"column":4},"end":{"line":766,"column":7}},"321":{"start":{"line":762,"column":6},"end":{"line":762,"column":38}},"322":{"start":{"line":763,"column":6},"end":{"line":763,"column":51}},"323":{"start":{"line":764,"column":6},"end":{"line":764,"column":85}},"324":{"start":{"line":765,"column":6},"end":{"line":765,"column":13}},"325":{"start":{"line":768,"column":2},"end":{"line":775,"column":5}},"326":{"start":{"line":769,"column":4},"end":{"line":774,"column":7}},"327":{"start":{"line":770,"column":6},"end":{"line":770,"column":38}},"328":{"start":{"line":771,"column":6},"end":{"line":771,"column":51}},"329":{"start":{"line":772,"column":6},"end":{"line":772,"column":73}},"330":{"start":{"line":773,"column":6},"end":{"line":773,"column":13}},"331":{"start":{"line":776,"column":2},"end":{"line":781,"column":5}},"332":{"start":{"line":777,"column":25},"end":{"line":777,"column":68}},"333":{"start":{"line":779,"column":4},"end":{"line":779,"column":81}},"334":{"start":{"line":780,"column":4},"end":{"line":780,"column":11}},"335":{"start":{"line":784,"column":0},"end":{"line":828,"column":3}},"336":{"start":{"line":785,"column":2},"end":{"line":791,"column":5}},"337":{"start":{"line":786,"column":4},"end":{"line":790,"column":7}},"338":{"start":{"line":787,"column":6},"end":{"line":789,"column":7}},"339":{"start":{"line":788,"column":8},"end":{"line":788,"column":36}},"340":{"start":{"line":792,"column":2},"end":{"line":796,"column":5}},"341":{"start":{"line":793,"column":4},"end":{"line":795,"column":7}},"342":{"start":{"line":794,"column":6},"end":{"line":794,"column":42}},"343":{"start":{"line":797,"column":2},"end":{"line":819,"column":5}},"344":{"start":{"line":798,"column":4},"end":{"line":818,"column":7}},"345":{"start":{"line":799,"column":6},"end":{"line":799,"column":38}},"346":{"start":{"line":800,"column":6},"end":{"line":800,"column":47}},"347":{"start":{"line":801,"column":6},"end":{"line":801,"column":78}},"348":{"start":{"line":802,"column":6},"end":{"line":816,"column":9}},"349":{"start":{"line":817,"column":6},"end":{"line":817,"column":13}},"350":{"start":{"line":820,"column":2},"end":{"line":827,"column":5}},"351":{"start":{"line":821,"column":4},"end":{"line":826,"column":7}},"352":{"start":{"line":822,"column":6},"end":{"line":822,"column":38}},"353":{"start":{"line":823,"column":6},"end":{"line":823,"column":51}},"354":{"start":{"line":824,"column":6},"end":{"line":824,"column":73}},"355":{"start":{"line":825,"column":6},"end":{"line":825,"column":13}},"356":{"start":{"line":830,"column":0},"end":{"line":848,"column":3}},"357":{"start":{"line":831,"column":2},"end":{"line":835,"column":5}},"358":{"start":{"line":832,"column":4},"end":{"line":834,"column":7}},"359":{"start":{"line":833,"column":6},"end":{"line":833,"column":41}},"360":{"start":{"line":836,"column":2},"end":{"line":840,"column":5}},"361":{"start":{"line":837,"column":4},"end":{"line":839,"column":7}},"362":{"start":{"line":838,"column":6},"end":{"line":838,"column":42}},"363":{"start":{"line":841,"column":2},"end":{"line":847,"column":5}},"364":{"start":{"line":842,"column":4},"end":{"line":846,"column":7}},"365":{"start":{"line":843,"column":6},"end":{"line":843,"column":38}},"366":{"start":{"line":844,"column":6},"end":{"line":844,"column":62}},"367":{"start":{"line":845,"column":6},"end":{"line":845,"column":13}},"368":{"start":{"line":850,"column":0},"end":{"line":1217,"column":3}},"369":{"start":{"line":851,"column":2},"end":{"line":873,"column":5}},"370":{"start":{"line":852,"column":4},"end":{"line":872,"column":7}},"371":{"start":{"line":853,"column":6},"end":{"line":853,"column":38}},"372":{"start":{"line":854,"column":6},"end":{"line":854,"column":47}},"373":{"start":{"line":855,"column":6},"end":{"line":870,"column":9}},"374":{"start":{"line":871,"column":6},"end":{"line":871,"column":13}},"375":{"start":{"line":874,"column":2},"end":{"line":896,"column":5}},"376":{"start":{"line":875,"column":4},"end":{"line":895,"column":7}},"377":{"start":{"line":876,"column":6},"end":{"line":876,"column":38}},"378":{"start":{"line":877,"column":6},"end":{"line":877,"column":47}},"379":{"start":{"line":878,"column":6},"end":{"line":893,"column":9}},"380":{"start":{"line":894,"column":6},"end":{"line":894,"column":13}},"381":{"start":{"line":897,"column":2},"end":{"line":904,"column":5}},"382":{"start":{"line":898,"column":4},"end":{"line":903,"column":7}},"383":{"start":{"line":899,"column":6},"end":{"line":899,"column":38}},"384":{"start":{"line":900,"column":6},"end":{"line":900,"column":51}},"385":{"start":{"line":901,"column":6},"end":{"line":901,"column":73}},"386":{"start":{"line":902,"column":6},"end":{"line":902,"column":13}},"387":{"start":{"line":905,"column":2},"end":{"line":912,"column":5}},"388":{"start":{"line":906,"column":4},"end":{"line":911,"column":7}},"389":{"start":{"line":907,"column":6},"end":{"line":907,"column":38}},"390":{"start":{"line":908,"column":6},"end":{"line":908,"column":52}},"391":{"start":{"line":909,"column":6},"end":{"line":909,"column":63}},"392":{"start":{"line":910,"column":6},"end":{"line":910,"column":13}},"393":{"start":{"line":913,"column":2},"end":{"line":935,"column":5}},"394":{"start":{"line":914,"column":4},"end":{"line":934,"column":7}},"395":{"start":{"line":915,"column":6},"end":{"line":915,"column":38}},"396":{"start":{"line":916,"column":6},"end":{"line":916,"column":47}},"397":{"start":{"line":917,"column":6},"end":{"line":932,"column":9}},"398":{"start":{"line":933,"column":6},"end":{"line":933,"column":13}},"399":{"start":{"line":936,"column":2},"end":{"line":958,"column":5}},"400":{"start":{"line":937,"column":4},"end":{"line":957,"column":7}},"401":{"start":{"line":938,"column":6},"end":{"line":938,"column":38}},"402":{"start":{"line":939,"column":6},"end":{"line":939,"column":47}},"403":{"start":{"line":940,"column":6},"end":{"line":955,"column":9}},"404":{"start":{"line":956,"column":6},"end":{"line":956,"column":13}},"405":{"start":{"line":959,"column":2},"end":{"line":981,"column":5}},"406":{"start":{"line":960,"column":4},"end":{"line":980,"column":7}},"407":{"start":{"line":961,"column":6},"end":{"line":961,"column":38}},"408":{"start":{"line":962,"column":6},"end":{"line":962,"column":47}},"409":{"start":{"line":963,"column":6},"end":{"line":978,"column":9}},"410":{"start":{"line":979,"column":6},"end":{"line":979,"column":13}},"411":{"start":{"line":982,"column":2},"end":{"line":1003,"column":5}},"412":{"start":{"line":983,"column":4},"end":{"line":1002,"column":7}},"413":{"start":{"line":984,"column":6},"end":{"line":984,"column":38}},"414":{"start":{"line":985,"column":6},"end":{"line":985,"column":47}},"415":{"start":{"line":986,"column":6},"end":{"line":1000,"column":9}},"416":{"start":{"line":1001,"column":6},"end":{"line":1001,"column":13}},"417":{"start":{"line":1004,"column":2},"end":{"line":1025,"column":5}},"418":{"start":{"line":1005,"column":4},"end":{"line":1024,"column":7}},"419":{"start":{"line":1006,"column":6},"end":{"line":1006,"column":38}},"420":{"start":{"line":1007,"column":6},"end":{"line":1007,"column":47}},"421":{"start":{"line":1008,"column":6},"end":{"line":1022,"column":9}},"422":{"start":{"line":1023,"column":6},"end":{"line":1023,"column":13}},"423":{"start":{"line":1026,"column":2},"end":{"line":1047,"column":5}},"424":{"start":{"line":1027,"column":4},"end":{"line":1046,"column":7}},"425":{"start":{"line":1028,"column":6},"end":{"line":1028,"column":38}},"426":{"start":{"line":1029,"column":6},"end":{"line":1029,"column":47}},"427":{"start":{"line":1030,"column":6},"end":{"line":1044,"column":9}},"428":{"start":{"line":1045,"column":6},"end":{"line":1045,"column":13}},"429":{"start":{"line":1048,"column":2},"end":{"line":1069,"column":5}},"430":{"start":{"line":1049,"column":4},"end":{"line":1068,"column":7}},"431":{"start":{"line":1050,"column":6},"end":{"line":1050,"column":38}},"432":{"start":{"line":1051,"column":6},"end":{"line":1051,"column":47}},"433":{"start":{"line":1052,"column":6},"end":{"line":1066,"column":9}},"434":{"start":{"line":1067,"column":6},"end":{"line":1067,"column":13}},"435":{"start":{"line":1070,"column":2},"end":{"line":1091,"column":5}},"436":{"start":{"line":1071,"column":4},"end":{"line":1090,"column":7}},"437":{"start":{"line":1072,"column":6},"end":{"line":1072,"column":38}},"438":{"start":{"line":1073,"column":6},"end":{"line":1073,"column":47}},"439":{"start":{"line":1074,"column":6},"end":{"line":1088,"column":9}},"440":{"start":{"line":1089,"column":6},"end":{"line":1089,"column":13}},"441":{"start":{"line":1092,"column":2},"end":{"line":1113,"column":5}},"442":{"start":{"line":1093,"column":4},"end":{"line":1112,"column":7}},"443":{"start":{"line":1094,"column":6},"end":{"line":1094,"column":38}},"444":{"start":{"line":1095,"column":6},"end":{"line":1095,"column":47}},"445":{"start":{"line":1096,"column":6},"end":{"line":1110,"column":9}},"446":{"start":{"line":1111,"column":6},"end":{"line":1111,"column":13}},"447":{"start":{"line":1114,"column":2},"end":{"line":1135,"column":5}},"448":{"start":{"line":1115,"column":4},"end":{"line":1134,"column":7}},"449":{"start":{"line":1116,"column":6},"end":{"line":1116,"column":38}},"450":{"start":{"line":1117,"column":6},"end":{"line":1117,"column":47}},"451":{"start":{"line":1118,"column":6},"end":{"line":1132,"column":9}},"452":{"start":{"line":1133,"column":6},"end":{"line":1133,"column":13}},"453":{"start":{"line":1136,"column":2},"end":{"line":1157,"column":5}},"454":{"start":{"line":1137,"column":4},"end":{"line":1156,"column":7}},"455":{"start":{"line":1138,"column":6},"end":{"line":1138,"column":38}},"456":{"start":{"line":1139,"column":6},"end":{"line":1139,"column":47}},"457":{"start":{"line":1140,"column":6},"end":{"line":1154,"column":9}},"458":{"start":{"line":1155,"column":6},"end":{"line":1155,"column":13}},"459":{"start":{"line":1158,"column":2},"end":{"line":1179,"column":5}},"460":{"start":{"line":1159,"column":4},"end":{"line":1178,"column":7}},"461":{"start":{"line":1160,"column":6},"end":{"line":1160,"column":38}},"462":{"start":{"line":1161,"column":6},"end":{"line":1161,"column":47}},"463":{"start":{"line":1162,"column":6},"end":{"line":1176,"column":9}},"464":{"start":{"line":1177,"column":6},"end":{"line":1177,"column":13}},"465":{"start":{"line":1180,"column":2},"end":{"line":1202,"column":5}},"466":{"start":{"line":1181,"column":4},"end":{"line":1201,"column":7}},"467":{"start":{"line":1182,"column":6},"end":{"line":1182,"column":38}},"468":{"start":{"line":1183,"column":6},"end":{"line":1183,"column":47}},"469":{"start":{"line":1184,"column":6},"end":{"line":1199,"column":9}},"470":{"start":{"line":1200,"column":6},"end":{"line":1200,"column":13}},"471":{"start":{"line":1203,"column":2},"end":{"line":1210,"column":5}},"472":{"start":{"line":1204,"column":4},"end":{"line":1209,"column":7}},"473":{"start":{"line":1205,"column":6},"end":{"line":1205,"column":38}},"474":{"start":{"line":1206,"column":6},"end":{"line":1206,"column":47}},"475":{"start":{"line":1207,"column":6},"end":{"line":1207,"column":63}},"476":{"start":{"line":1208,"column":6},"end":{"line":1208,"column":13}},"477":{"start":{"line":1211,"column":2},"end":{"line":1216,"column":5}},"478":{"start":{"line":1212,"column":22},"end":{"line":1212,"column":62}},"479":{"start":{"line":1214,"column":4},"end":{"line":1214,"column":78}},"480":{"start":{"line":1215,"column":4},"end":{"line":1215,"column":11}},"481":{"start":{"line":1219,"column":0},"end":{"line":1435,"column":3}},"482":{"start":{"line":1220,"column":19},"end":{"line":1228,"column":3}},"483":{"start":{"line":1229,"column":20},"end":{"line":1229,"column":26}},"484":{"start":{"line":1230,"column":25},"end":{"line":1240,"column":3}},"485":{"start":{"line":1241,"column":26},"end":{"line":1251,"column":3}},"486":{"start":{"line":1252,"column":23},"end":{"line":1262,"column":3}},"487":{"start":{"line":1263,"column":24},"end":{"line":1273,"column":3}},"488":{"start":{"line":1274,"column":24},"end":{"line":1284,"column":3}},"489":{"start":{"line":1285,"column":24},"end":{"line":1295,"column":3}},"490":{"start":{"line":1296,"column":28},"end":{"line":1306,"column":3}},"491":{"start":{"line":1307,"column":2},"end":{"line":1316,"column":5}},"492":{"start":{"line":1308,"column":31},"end":{"line":1311,"column":5}},"493":{"start":{"line":1312,"column":4},"end":{"line":1315,"column":7}},"494":{"start":{"line":1313,"column":6},"end":{"line":1313,"column":40}},"495":{"start":{"line":1314,"column":6},"end":{"line":1314,"column":13}},"496":{"start":{"line":1317,"column":2},"end":{"line":1339,"column":5}},"497":{"start":{"line":1318,"column":4},"end":{"line":1338,"column":7}},"498":{"start":{"line":1319,"column":6},"end":{"line":1319,"column":38}},"499":{"start":{"line":1320,"column":6},"end":{"line":1320,"column":47}},"500":{"start":{"line":1321,"column":6},"end":{"line":1336,"column":9}},"501":{"start":{"line":1337,"column":6},"end":{"line":1337,"column":13}},"502":{"start":{"line":1340,"column":2},"end":{"line":1347,"column":5}},"503":{"start":{"line":1341,"column":4},"end":{"line":1346,"column":7}},"504":{"start":{"line":1342,"column":6},"end":{"line":1342,"column":38}},"505":{"start":{"line":1343,"column":6},"end":{"line":1343,"column":52}},"506":{"start":{"line":1344,"column":6},"end":{"line":1344,"column":63}},"507":{"start":{"line":1345,"column":6},"end":{"line":1345,"column":13}},"508":{"start":{"line":1348,"column":2},"end":{"line":1355,"column":5}},"509":{"start":{"line":1349,"column":4},"end":{"line":1354,"column":7}},"510":{"start":{"line":1350,"column":6},"end":{"line":1350,"column":38}},"511":{"start":{"line":1351,"column":6},"end":{"line":1351,"column":52}},"512":{"start":{"line":1352,"column":6},"end":{"line":1352,"column":57}},"513":{"start":{"line":1353,"column":6},"end":{"line":1353,"column":13}},"514":{"start":{"line":1356,"column":2},"end":{"line":1363,"column":5}},"515":{"start":{"line":1357,"column":4},"end":{"line":1362,"column":7}},"516":{"start":{"line":1358,"column":6},"end":{"line":1358,"column":38}},"517":{"start":{"line":1359,"column":6},"end":{"line":1359,"column":52}},"518":{"start":{"line":1360,"column":6},"end":{"line":1360,"column":57}},"519":{"start":{"line":1361,"column":6},"end":{"line":1361,"column":13}},"520":{"start":{"line":1364,"column":2},"end":{"line":1371,"column":5}},"521":{"start":{"line":1365,"column":4},"end":{"line":1370,"column":7}},"522":{"start":{"line":1366,"column":6},"end":{"line":1366,"column":38}},"523":{"start":{"line":1367,"column":6},"end":{"line":1367,"column":52}},"524":{"start":{"line":1368,"column":6},"end":{"line":1368,"column":57}},"525":{"start":{"line":1369,"column":6},"end":{"line":1369,"column":13}},"526":{"start":{"line":1372,"column":2},"end":{"line":1379,"column":5}},"527":{"start":{"line":1373,"column":4},"end":{"line":1378,"column":7}},"528":{"start":{"line":1374,"column":6},"end":{"line":1374,"column":38}},"529":{"start":{"line":1375,"column":6},"end":{"line":1375,"column":51}},"530":{"start":{"line":1376,"column":6},"end":{"line":1376,"column":94}},"531":{"start":{"line":1377,"column":6},"end":{"line":1377,"column":13}},"532":{"start":{"line":1380,"column":2},"end":{"line":1387,"column":5}},"533":{"start":{"line":1381,"column":4},"end":{"line":1386,"column":7}},"534":{"start":{"line":1382,"column":6},"end":{"line":1382,"column":38}},"535":{"start":{"line":1383,"column":6},"end":{"line":1383,"column":51}},"536":{"start":{"line":1384,"column":6},"end":{"line":1384,"column":90}},"537":{"start":{"line":1385,"column":6},"end":{"line":1385,"column":13}},"538":{"start":{"line":1388,"column":2},"end":{"line":1395,"column":5}},"539":{"start":{"line":1389,"column":4},"end":{"line":1394,"column":7}},"540":{"start":{"line":1390,"column":6},"end":{"line":1390,"column":38}},"541":{"start":{"line":1391,"column":6},"end":{"line":1391,"column":51}},"542":{"start":{"line":1392,"column":6},"end":{"line":1392,"column":82}},"543":{"start":{"line":1393,"column":6},"end":{"line":1393,"column":13}},"544":{"start":{"line":1396,"column":2},"end":{"line":1403,"column":5}},"545":{"start":{"line":1397,"column":4},"end":{"line":1402,"column":7}},"546":{"start":{"line":1398,"column":6},"end":{"line":1398,"column":38}},"547":{"start":{"line":1399,"column":6},"end":{"line":1399,"column":51}},"548":{"start":{"line":1400,"column":6},"end":{"line":1400,"column":78}},"549":{"start":{"line":1401,"column":6},"end":{"line":1401,"column":13}},"550":{"start":{"line":1404,"column":2},"end":{"line":1411,"column":5}},"551":{"start":{"line":1405,"column":4},"end":{"line":1410,"column":7}},"552":{"start":{"line":1406,"column":6},"end":{"line":1406,"column":38}},"553":{"start":{"line":1407,"column":6},"end":{"line":1407,"column":51}},"554":{"start":{"line":1408,"column":6},"end":{"line":1408,"column":78}},"555":{"start":{"line":1409,"column":6},"end":{"line":1409,"column":13}},"556":{"start":{"line":1412,"column":2},"end":{"line":1419,"column":5}},"557":{"start":{"line":1413,"column":4},"end":{"line":1418,"column":7}},"558":{"start":{"line":1414,"column":6},"end":{"line":1414,"column":38}},"559":{"start":{"line":1415,"column":6},"end":{"line":1415,"column":51}},"560":{"start":{"line":1416,"column":6},"end":{"line":1416,"column":71}},"561":{"start":{"line":1417,"column":6},"end":{"line":1417,"column":13}},"562":{"start":{"line":1420,"column":2},"end":{"line":1427,"column":5}},"563":{"start":{"line":1421,"column":4},"end":{"line":1426,"column":7}},"564":{"start":{"line":1422,"column":6},"end":{"line":1422,"column":38}},"565":{"start":{"line":1423,"column":6},"end":{"line":1423,"column":51}},"566":{"start":{"line":1424,"column":6},"end":{"line":1424,"column":69}},"567":{"start":{"line":1425,"column":6},"end":{"line":1425,"column":13}},"568":{"start":{"line":1428,"column":2},"end":{"line":1434,"column":5}},"569":{"start":{"line":1429,"column":23},"end":{"line":1429,"column":64}},"570":{"start":{"line":1431,"column":4},"end":{"line":1431,"column":87}},"571":{"start":{"line":1433,"column":4},"end":{"line":1433,"column":11}},"572":{"start":{"line":1437,"column":0},"end":{"line":1497,"column":3}},"573":{"start":{"line":1438,"column":20},"end":{"line":1438,"column":26}},"574":{"start":{"line":1439,"column":2},"end":{"line":1448,"column":5}},"575":{"start":{"line":1440,"column":31},"end":{"line":1443,"column":5}},"576":{"start":{"line":1444,"column":4},"end":{"line":1447,"column":7}},"577":{"start":{"line":1445,"column":6},"end":{"line":1445,"column":40}},"578":{"start":{"line":1446,"column":6},"end":{"line":1446,"column":13}},"579":{"start":{"line":1449,"column":2},"end":{"line":1466,"column":5}},"580":{"start":{"line":1450,"column":4},"end":{"line":1465,"column":7}},"581":{"start":{"line":1451,"column":6},"end":{"line":1451,"column":38}},"582":{"start":{"line":1452,"column":6},"end":{"line":1452,"column":47}},"583":{"start":{"line":1453,"column":6},"end":{"line":1463,"column":9}},"584":{"start":{"line":1464,"column":6},"end":{"line":1464,"column":13}},"585":{"start":{"line":1467,"column":2},"end":{"line":1474,"column":5}},"586":{"start":{"line":1468,"column":4},"end":{"line":1473,"column":7}},"587":{"start":{"line":1469,"column":6},"end":{"line":1469,"column":38}},"588":{"start":{"line":1470,"column":6},"end":{"line":1470,"column":52}},"589":{"start":{"line":1471,"column":6},"end":{"line":1471,"column":57}},"590":{"start":{"line":1472,"column":6},"end":{"line":1472,"column":13}},"591":{"start":{"line":1475,"column":2},"end":{"line":1482,"column":5}},"592":{"start":{"line":1476,"column":4},"end":{"line":1481,"column":7}},"593":{"start":{"line":1477,"column":6},"end":{"line":1477,"column":38}},"594":{"start":{"line":1478,"column":6},"end":{"line":1478,"column":47}},"595":{"start":{"line":1479,"column":6},"end":{"line":1479,"column":63}},"596":{"start":{"line":1480,"column":6},"end":{"line":1480,"column":13}},"597":{"start":{"line":1483,"column":2},"end":{"line":1490,"column":5}},"598":{"start":{"line":1484,"column":4},"end":{"line":1489,"column":7}},"599":{"start":{"line":1485,"column":6},"end":{"line":1485,"column":38}},"600":{"start":{"line":1486,"column":6},"end":{"line":1486,"column":52}},"601":{"start":{"line":1487,"column":6},"end":{"line":1487,"column":57}},"602":{"start":{"line":1488,"column":6},"end":{"line":1488,"column":13}},"603":{"start":{"line":1491,"column":2},"end":{"line":1496,"column":5}},"604":{"start":{"line":1492,"column":25},"end":{"line":1492,"column":68}},"605":{"start":{"line":1494,"column":4},"end":{"line":1494,"column":81}},"606":{"start":{"line":1495,"column":4},"end":{"line":1495,"column":11}},"607":{"start":{"line":1499,"column":0},"end":{"line":1557,"column":3}},"608":{"start":{"line":1500,"column":20},"end":{"line":1500,"column":26}},"609":{"start":{"line":1501,"column":2},"end":{"line":1510,"column":5}},"610":{"start":{"line":1502,"column":31},"end":{"line":1505,"column":5}},"611":{"start":{"line":1506,"column":4},"end":{"line":1509,"column":7}},"612":{"start":{"line":1507,"column":6},"end":{"line":1507,"column":40}},"613":{"start":{"line":1508,"column":6},"end":{"line":1508,"column":13}},"614":{"start":{"line":1511,"column":2},"end":{"line":1518,"column":5}},"615":{"start":{"line":1512,"column":4},"end":{"line":1517,"column":7}},"616":{"start":{"line":1513,"column":6},"end":{"line":1513,"column":38}},"617":{"start":{"line":1514,"column":6},"end":{"line":1514,"column":52}},"618":{"start":{"line":1515,"column":6},"end":{"line":1515,"column":57}},"619":{"start":{"line":1516,"column":6},"end":{"line":1516,"column":13}},"620":{"start":{"line":1519,"column":2},"end":{"line":1526,"column":5}},"621":{"start":{"line":1520,"column":4},"end":{"line":1525,"column":7}},"622":{"start":{"line":1521,"column":6},"end":{"line":1521,"column":38}},"623":{"start":{"line":1522,"column":6},"end":{"line":1522,"column":52}},"624":{"start":{"line":1523,"column":6},"end":{"line":1523,"column":63}},"625":{"start":{"line":1524,"column":6},"end":{"line":1524,"column":13}},"626":{"start":{"line":1527,"column":2},"end":{"line":1534,"column":5}},"627":{"start":{"line":1528,"column":4},"end":{"line":1533,"column":7}},"628":{"start":{"line":1529,"column":6},"end":{"line":1529,"column":38}},"629":{"start":{"line":1530,"column":6},"end":{"line":1530,"column":52}},"630":{"start":{"line":1531,"column":6},"end":{"line":1531,"column":57}},"631":{"start":{"line":1532,"column":6},"end":{"line":1532,"column":13}},"632":{"start":{"line":1535,"column":2},"end":{"line":1542,"column":5}},"633":{"start":{"line":1536,"column":4},"end":{"line":1541,"column":7}},"634":{"start":{"line":1537,"column":6},"end":{"line":1537,"column":38}},"635":{"start":{"line":1538,"column":6},"end":{"line":1538,"column":53}},"636":{"start":{"line":1539,"column":6},"end":{"line":1539,"column":81}},"637":{"start":{"line":1540,"column":6},"end":{"line":1540,"column":13}},"638":{"start":{"line":1543,"column":2},"end":{"line":1550,"column":5}},"639":{"start":{"line":1544,"column":4},"end":{"line":1549,"column":7}},"640":{"start":{"line":1545,"column":6},"end":{"line":1545,"column":38}},"641":{"start":{"line":1546,"column":6},"end":{"line":1546,"column":52}},"642":{"start":{"line":1547,"column":6},"end":{"line":1547,"column":63}},"643":{"start":{"line":1548,"column":6},"end":{"line":1548,"column":13}},"644":{"start":{"line":1551,"column":2},"end":{"line":1556,"column":5}},"645":{"start":{"line":1552,"column":25},"end":{"line":1552,"column":68}},"646":{"start":{"line":1554,"column":4},"end":{"line":1554,"column":81}},"647":{"start":{"line":1555,"column":4},"end":{"line":1555,"column":11}}},"fnMap":{"0":{"name":"_interopRequireDefault","decl":{"start":{"line":33,"column":9},"end":{"line":33,"column":31}},"loc":{"start":{"line":33,"column":37},"end":{"line":33,"column":95}},"line":33},"1":{"name":"(anonymous_1)","decl":{"start":{"line":51,"column":7},"end":{"line":51,"column":8}},"loc":{"start":{"line":51,"column":23},"end":{"line":65,"column":1}},"line":51},"2":{"name":"(anonymous_2)","decl":{"start":{"line":61,"column":91},"end":{"line":61,"column":92}},"loc":{"start":{"line":61,"column":111},"end":{"line":64,"column":3}},"line":61},"3":{"name":"(anonymous_3)","decl":{"start":{"line":67,"column":7},"end":{"line":67,"column":8}},"loc":{"start":{"line":67,"column":23},"end":{"line":80,"column":1}},"line":67},"4":{"name":"(anonymous_4)","decl":{"start":{"line":76,"column":92},"end":{"line":76,"column":93}},"loc":{"start":{"line":76,"column":112},"end":{"line":79,"column":3}},"line":76},"5":{"name":"(anonymous_5)","decl":{"start":{"line":83,"column":31},"end":{"line":83,"column":32}},"loc":{"start":{"line":83,"column":43},"end":{"line":113,"column":1}},"line":83},"6":{"name":"(anonymous_6)","decl":{"start":{"line":85,"column":48},"end":{"line":85,"column":49}},"loc":{"start":{"line":85,"column":64},"end":{"line":90,"column":3}},"line":85},"7":{"name":"(anonymous_7)","decl":{"start":{"line":86,"column":55},"end":{"line":86,"column":56}},"loc":{"start":{"line":86,"column":75},"end":{"line":89,"column":5}},"line":86},"8":{"name":"(anonymous_8)","decl":{"start":{"line":91,"column":45},"end":{"line":91,"column":46}},"loc":{"start":{"line":91,"column":61},"end":{"line":98,"column":3}},"line":91},"9":{"name":"(anonymous_9)","decl":{"start":{"line":92,"column":66},"end":{"line":92,"column":67}},"loc":{"start":{"line":92,"column":86},"end":{"line":97,"column":5}},"line":92},"10":{"name":"(anonymous_10)","decl":{"start":{"line":100,"column":51},"end":{"line":100,"column":52}},"loc":{"start":{"line":100,"column":67},"end":{"line":105,"column":3}},"line":100},"11":{"name":"(anonymous_11)","decl":{"start":{"line":101,"column":78},"end":{"line":101,"column":79}},"loc":{"start":{"line":101,"column":98},"end":{"line":104,"column":5}},"line":101},"12":{"name":"(anonymous_12)","decl":{"start":{"line":107,"column":47},"end":{"line":107,"column":48}},"loc":{"start":{"line":107,"column":63},"end":{"line":112,"column":3}},"line":107},"13":{"name":"(anonymous_13)","decl":{"start":{"line":108,"column":106},"end":{"line":108,"column":107}},"loc":{"start":{"line":108,"column":126},"end":{"line":111,"column":5}},"line":108},"14":{"name":"(anonymous_14)","decl":{"start":{"line":116,"column":37},"end":{"line":116,"column":38}},"loc":{"start":{"line":116,"column":49},"end":{"line":355,"column":1}},"line":116},"15":{"name":"(anonymous_15)","decl":{"start":{"line":117,"column":53},"end":{"line":117,"column":54}},"loc":{"start":{"line":117,"column":69},"end":{"line":130,"column":3}},"line":117},"16":{"name":"(anonymous_16)","decl":{"start":{"line":124,"column":11},"end":{"line":124,"column":12}},"loc":{"start":{"line":124,"column":31},"end":{"line":129,"column":5}},"line":124},"17":{"name":"(anonymous_17)","decl":{"start":{"line":131,"column":54},"end":{"line":131,"column":55}},"loc":{"start":{"line":131,"column":70},"end":{"line":145,"column":3}},"line":131},"18":{"name":"(anonymous_18)","decl":{"start":{"line":139,"column":11},"end":{"line":139,"column":12}},"loc":{"start":{"line":139,"column":31},"end":{"line":144,"column":5}},"line":139},"19":{"name":"(anonymous_19)","decl":{"start":{"line":146,"column":60},"end":{"line":146,"column":61}},"loc":{"start":{"line":146,"column":76},"end":{"line":160,"column":3}},"line":146},"20":{"name":"(anonymous_20)","decl":{"start":{"line":154,"column":11},"end":{"line":154,"column":12}},"loc":{"start":{"line":154,"column":31},"end":{"line":159,"column":5}},"line":154},"21":{"name":"(anonymous_21)","decl":{"start":{"line":161,"column":53},"end":{"line":161,"column":54}},"loc":{"start":{"line":161,"column":69},"end":{"line":175,"column":3}},"line":161},"22":{"name":"(anonymous_22)","decl":{"start":{"line":169,"column":11},"end":{"line":169,"column":12}},"loc":{"start":{"line":169,"column":31},"end":{"line":174,"column":5}},"line":169},"23":{"name":"(anonymous_23)","decl":{"start":{"line":176,"column":57},"end":{"line":176,"column":58}},"loc":{"start":{"line":176,"column":73},"end":{"line":190,"column":3}},"line":176},"24":{"name":"(anonymous_24)","decl":{"start":{"line":184,"column":11},"end":{"line":184,"column":12}},"loc":{"start":{"line":184,"column":31},"end":{"line":189,"column":5}},"line":184},"25":{"name":"(anonymous_25)","decl":{"start":{"line":191,"column":54},"end":{"line":191,"column":55}},"loc":{"start":{"line":191,"column":70},"end":{"line":205,"column":3}},"line":191},"26":{"name":"(anonymous_26)","decl":{"start":{"line":199,"column":11},"end":{"line":199,"column":12}},"loc":{"start":{"line":199,"column":31},"end":{"line":204,"column":5}},"line":199},"27":{"name":"(anonymous_27)","decl":{"start":{"line":206,"column":50},"end":{"line":206,"column":51}},"loc":{"start":{"line":206,"column":66},"end":{"line":220,"column":3}},"line":206},"28":{"name":"(anonymous_28)","decl":{"start":{"line":214,"column":11},"end":{"line":214,"column":12}},"loc":{"start":{"line":214,"column":31},"end":{"line":219,"column":5}},"line":214},"29":{"name":"(anonymous_29)","decl":{"start":{"line":221,"column":69},"end":{"line":221,"column":70}},"loc":{"start":{"line":221,"column":85},"end":{"line":235,"column":3}},"line":221},"30":{"name":"(anonymous_30)","decl":{"start":{"line":229,"column":11},"end":{"line":229,"column":12}},"loc":{"start":{"line":229,"column":31},"end":{"line":234,"column":5}},"line":229},"31":{"name":"(anonymous_31)","decl":{"start":{"line":236,"column":60},"end":{"line":236,"column":61}},"loc":{"start":{"line":236,"column":76},"end":{"line":250,"column":3}},"line":236},"32":{"name":"(anonymous_32)","decl":{"start":{"line":244,"column":11},"end":{"line":244,"column":12}},"loc":{"start":{"line":244,"column":31},"end":{"line":249,"column":5}},"line":244},"33":{"name":"(anonymous_33)","decl":{"start":{"line":251,"column":43},"end":{"line":251,"column":44}},"loc":{"start":{"line":251,"column":59},"end":{"line":264,"column":3}},"line":251},"34":{"name":"(anonymous_34)","decl":{"start":{"line":258,"column":11},"end":{"line":258,"column":12}},"loc":{"start":{"line":258,"column":31},"end":{"line":263,"column":5}},"line":258},"35":{"name":"(anonymous_35)","decl":{"start":{"line":265,"column":31},"end":{"line":265,"column":32}},"loc":{"start":{"line":265,"column":47},"end":{"line":279,"column":3}},"line":265},"36":{"name":"(anonymous_36)","decl":{"start":{"line":273,"column":11},"end":{"line":273,"column":12}},"loc":{"start":{"line":273,"column":31},"end":{"line":278,"column":5}},"line":273},"37":{"name":"(anonymous_37)","decl":{"start":{"line":280,"column":42},"end":{"line":280,"column":43}},"loc":{"start":{"line":280,"column":58},"end":{"line":294,"column":3}},"line":280},"38":{"name":"(anonymous_38)","decl":{"start":{"line":288,"column":11},"end":{"line":288,"column":12}},"loc":{"start":{"line":288,"column":31},"end":{"line":293,"column":5}},"line":288},"39":{"name":"(anonymous_39)","decl":{"start":{"line":295,"column":33},"end":{"line":295,"column":34}},"loc":{"start":{"line":295,"column":49},"end":{"line":308,"column":3}},"line":295},"40":{"name":"(anonymous_40)","decl":{"start":{"line":302,"column":11},"end":{"line":302,"column":12}},"loc":{"start":{"line":302,"column":31},"end":{"line":307,"column":5}},"line":302},"41":{"name":"(anonymous_41)","decl":{"start":{"line":309,"column":39},"end":{"line":309,"column":40}},"loc":{"start":{"line":309,"column":55},"end":{"line":323,"column":3}},"line":309},"42":{"name":"(anonymous_42)","decl":{"start":{"line":317,"column":11},"end":{"line":317,"column":12}},"loc":{"start":{"line":317,"column":31},"end":{"line":322,"column":5}},"line":317},"43":{"name":"(anonymous_43)","decl":{"start":{"line":324,"column":29},"end":{"line":324,"column":30}},"loc":{"start":{"line":324,"column":45},"end":{"line":339,"column":3}},"line":324},"44":{"name":"(anonymous_44)","decl":{"start":{"line":332,"column":11},"end":{"line":332,"column":12}},"loc":{"start":{"line":332,"column":31},"end":{"line":338,"column":5}},"line":332},"45":{"name":"(anonymous_45)","decl":{"start":{"line":340,"column":34},"end":{"line":340,"column":35}},"loc":{"start":{"line":340,"column":50},"end":{"line":354,"column":3}},"line":340},"46":{"name":"(anonymous_46)","decl":{"start":{"line":358,"column":36},"end":{"line":358,"column":37}},"loc":{"start":{"line":358,"column":48},"end":{"line":436,"column":1}},"line":358},"47":{"name":"(anonymous_47)","decl":{"start":{"line":359,"column":46},"end":{"line":359,"column":47}},"loc":{"start":{"line":359,"column":62},"end":{"line":369,"column":3}},"line":359},"48":{"name":"(anonymous_48)","decl":{"start":{"line":363,"column":11},"end":{"line":363,"column":12}},"loc":{"start":{"line":363,"column":31},"end":{"line":368,"column":5}},"line":363},"49":{"name":"(anonymous_49)","decl":{"start":{"line":370,"column":49},"end":{"line":370,"column":50}},"loc":{"start":{"line":370,"column":65},"end":{"line":380,"column":3}},"line":370},"50":{"name":"(anonymous_50)","decl":{"start":{"line":374,"column":11},"end":{"line":374,"column":12}},"loc":{"start":{"line":374,"column":31},"end":{"line":379,"column":5}},"line":374},"51":{"name":"(anonymous_51)","decl":{"start":{"line":381,"column":39},"end":{"line":381,"column":40}},"loc":{"start":{"line":381,"column":55},"end":{"line":391,"column":3}},"line":381},"52":{"name":"(anonymous_52)","decl":{"start":{"line":385,"column":11},"end":{"line":385,"column":12}},"loc":{"start":{"line":385,"column":31},"end":{"line":390,"column":5}},"line":385},"53":{"name":"(anonymous_53)","decl":{"start":{"line":392,"column":47},"end":{"line":392,"column":48}},"loc":{"start":{"line":392,"column":63},"end":{"line":402,"column":3}},"line":392},"54":{"name":"(anonymous_54)","decl":{"start":{"line":396,"column":11},"end":{"line":396,"column":12}},"loc":{"start":{"line":396,"column":31},"end":{"line":401,"column":5}},"line":396},"55":{"name":"(anonymous_55)","decl":{"start":{"line":403,"column":44},"end":{"line":403,"column":45}},"loc":{"start":{"line":403,"column":60},"end":{"line":413,"column":3}},"line":403},"56":{"name":"(anonymous_56)","decl":{"start":{"line":407,"column":11},"end":{"line":407,"column":12}},"loc":{"start":{"line":407,"column":31},"end":{"line":412,"column":5}},"line":407},"57":{"name":"(anonymous_57)","decl":{"start":{"line":414,"column":34},"end":{"line":414,"column":35}},"loc":{"start":{"line":414,"column":50},"end":{"line":424,"column":3}},"line":414},"58":{"name":"(anonymous_58)","decl":{"start":{"line":418,"column":11},"end":{"line":418,"column":12}},"loc":{"start":{"line":418,"column":31},"end":{"line":423,"column":5}},"line":418},"59":{"name":"(anonymous_59)","decl":{"start":{"line":425,"column":33},"end":{"line":425,"column":34}},"loc":{"start":{"line":425,"column":49},"end":{"line":435,"column":3}},"line":425},"60":{"name":"(anonymous_60)","decl":{"start":{"line":439,"column":34},"end":{"line":439,"column":35}},"loc":{"start":{"line":439,"column":46},"end":{"line":734,"column":1}},"line":439},"61":{"name":"(anonymous_61)","decl":{"start":{"line":598,"column":58},"end":{"line":598,"column":59}},"loc":{"start":{"line":598,"column":74},"end":{"line":606,"column":3}},"line":598},"62":{"name":"(anonymous_62)","decl":{"start":{"line":599,"column":119},"end":{"line":599,"column":120}},"loc":{"start":{"line":599,"column":139},"end":{"line":605,"column":5}},"line":599},"63":{"name":"(anonymous_63)","decl":{"start":{"line":607,"column":59},"end":{"line":607,"column":60}},"loc":{"start":{"line":607,"column":75},"end":{"line":614,"column":3}},"line":607},"64":{"name":"(anonymous_64)","decl":{"start":{"line":608,"column":118},"end":{"line":608,"column":119}},"loc":{"start":{"line":608,"column":138},"end":{"line":613,"column":5}},"line":608},"65":{"name":"(anonymous_65)","decl":{"start":{"line":615,"column":41},"end":{"line":615,"column":42}},"loc":{"start":{"line":615,"column":57},"end":{"line":622,"column":3}},"line":615},"66":{"name":"(anonymous_66)","decl":{"start":{"line":616,"column":117},"end":{"line":616,"column":118}},"loc":{"start":{"line":616,"column":137},"end":{"line":621,"column":5}},"line":616},"67":{"name":"(anonymous_67)","decl":{"start":{"line":623,"column":51},"end":{"line":623,"column":52}},"loc":{"start":{"line":623,"column":67},"end":{"line":630,"column":3}},"line":623},"68":{"name":"(anonymous_68)","decl":{"start":{"line":624,"column":125},"end":{"line":624,"column":126}},"loc":{"start":{"line":624,"column":145},"end":{"line":629,"column":5}},"line":624},"69":{"name":"(anonymous_69)","decl":{"start":{"line":631,"column":40},"end":{"line":631,"column":41}},"loc":{"start":{"line":631,"column":56},"end":{"line":638,"column":3}},"line":631},"70":{"name":"(anonymous_70)","decl":{"start":{"line":632,"column":118},"end":{"line":632,"column":119}},"loc":{"start":{"line":632,"column":138},"end":{"line":637,"column":5}},"line":632},"71":{"name":"(anonymous_71)","decl":{"start":{"line":639,"column":40},"end":{"line":639,"column":41}},"loc":{"start":{"line":639,"column":56},"end":{"line":646,"column":3}},"line":639},"72":{"name":"(anonymous_72)","decl":{"start":{"line":640,"column":126},"end":{"line":640,"column":127}},"loc":{"start":{"line":640,"column":146},"end":{"line":645,"column":5}},"line":640},"73":{"name":"(anonymous_73)","decl":{"start":{"line":647,"column":37},"end":{"line":647,"column":38}},"loc":{"start":{"line":647,"column":53},"end":{"line":654,"column":3}},"line":647},"74":{"name":"(anonymous_74)","decl":{"start":{"line":648,"column":115},"end":{"line":648,"column":116}},"loc":{"start":{"line":648,"column":135},"end":{"line":653,"column":5}},"line":648},"75":{"name":"(anonymous_75)","decl":{"start":{"line":655,"column":49},"end":{"line":655,"column":50}},"loc":{"start":{"line":655,"column":65},"end":{"line":662,"column":3}},"line":655},"76":{"name":"(anonymous_76)","decl":{"start":{"line":656,"column":123},"end":{"line":656,"column":124}},"loc":{"start":{"line":656,"column":143},"end":{"line":661,"column":5}},"line":656},"77":{"name":"(anonymous_77)","decl":{"start":{"line":663,"column":36},"end":{"line":663,"column":37}},"loc":{"start":{"line":663,"column":52},"end":{"line":670,"column":3}},"line":663},"78":{"name":"(anonymous_78)","decl":{"start":{"line":664,"column":116},"end":{"line":664,"column":117}},"loc":{"start":{"line":664,"column":136},"end":{"line":669,"column":5}},"line":664},"79":{"name":"(anonymous_79)","decl":{"start":{"line":671,"column":59},"end":{"line":671,"column":60}},"loc":{"start":{"line":671,"column":75},"end":{"line":678,"column":3}},"line":671},"80":{"name":"(anonymous_80)","decl":{"start":{"line":672,"column":124},"end":{"line":672,"column":125}},"loc":{"start":{"line":672,"column":144},"end":{"line":677,"column":5}},"line":672},"81":{"name":"(anonymous_81)","decl":{"start":{"line":679,"column":36},"end":{"line":679,"column":37}},"loc":{"start":{"line":679,"column":52},"end":{"line":686,"column":3}},"line":679},"82":{"name":"(anonymous_82)","decl":{"start":{"line":680,"column":116},"end":{"line":680,"column":117}},"loc":{"start":{"line":680,"column":136},"end":{"line":685,"column":5}},"line":680},"83":{"name":"(anonymous_83)","decl":{"start":{"line":687,"column":59},"end":{"line":687,"column":60}},"loc":{"start":{"line":687,"column":75},"end":{"line":694,"column":3}},"line":687},"84":{"name":"(anonymous_84)","decl":{"start":{"line":688,"column":124},"end":{"line":688,"column":125}},"loc":{"start":{"line":688,"column":144},"end":{"line":693,"column":5}},"line":688},"85":{"name":"(anonymous_85)","decl":{"start":{"line":695,"column":42},"end":{"line":695,"column":43}},"loc":{"start":{"line":695,"column":58},"end":{"line":702,"column":3}},"line":695},"86":{"name":"(anonymous_86)","decl":{"start":{"line":696,"column":116},"end":{"line":696,"column":117}},"loc":{"start":{"line":696,"column":136},"end":{"line":701,"column":5}},"line":696},"87":{"name":"(anonymous_87)","decl":{"start":{"line":703,"column":52},"end":{"line":703,"column":53}},"loc":{"start":{"line":703,"column":68},"end":{"line":710,"column":3}},"line":703},"88":{"name":"(anonymous_88)","decl":{"start":{"line":704,"column":124},"end":{"line":704,"column":125}},"loc":{"start":{"line":704,"column":144},"end":{"line":709,"column":5}},"line":704},"89":{"name":"(anonymous_89)","decl":{"start":{"line":711,"column":46},"end":{"line":711,"column":47}},"loc":{"start":{"line":711,"column":62},"end":{"line":718,"column":3}},"line":711},"90":{"name":"(anonymous_90)","decl":{"start":{"line":712,"column":120},"end":{"line":712,"column":121}},"loc":{"start":{"line":712,"column":140},"end":{"line":717,"column":5}},"line":712},"91":{"name":"(anonymous_91)","decl":{"start":{"line":719,"column":54},"end":{"line":719,"column":55}},"loc":{"start":{"line":719,"column":70},"end":{"line":726,"column":3}},"line":719},"92":{"name":"(anonymous_92)","decl":{"start":{"line":720,"column":128},"end":{"line":720,"column":129}},"loc":{"start":{"line":720,"column":148},"end":{"line":725,"column":5}},"line":720},"93":{"name":"(anonymous_93)","decl":{"start":{"line":727,"column":35},"end":{"line":727,"column":36}},"loc":{"start":{"line":727,"column":51},"end":{"line":733,"column":3}},"line":727},"94":{"name":"(anonymous_94)","decl":{"start":{"line":736,"column":33},"end":{"line":736,"column":34}},"loc":{"start":{"line":736,"column":45},"end":{"line":782,"column":1}},"line":736},"95":{"name":"(anonymous_95)","decl":{"start":{"line":737,"column":43},"end":{"line":737,"column":44}},"loc":{"start":{"line":737,"column":59},"end":{"line":759,"column":3}},"line":737},"96":{"name":"(anonymous_96)","decl":{"start":{"line":738,"column":101},"end":{"line":738,"column":102}},"loc":{"start":{"line":738,"column":121},"end":{"line":758,"column":5}},"line":738},"97":{"name":"(anonymous_97)","decl":{"start":{"line":760,"column":60},"end":{"line":760,"column":61}},"loc":{"start":{"line":760,"column":76},"end":{"line":767,"column":3}},"line":760},"98":{"name":"(anonymous_98)","decl":{"start":{"line":761,"column":97},"end":{"line":761,"column":98}},"loc":{"start":{"line":761,"column":117},"end":{"line":766,"column":5}},"line":761},"99":{"name":"(anonymous_99)","decl":{"start":{"line":768,"column":65},"end":{"line":768,"column":66}},"loc":{"start":{"line":768,"column":81},"end":{"line":775,"column":3}},"line":768},"100":{"name":"(anonymous_100)","decl":{"start":{"line":769,"column":68},"end":{"line":769,"column":69}},"loc":{"start":{"line":769,"column":88},"end":{"line":774,"column":5}},"line":769},"101":{"name":"(anonymous_101)","decl":{"start":{"line":776,"column":71},"end":{"line":776,"column":72}},"loc":{"start":{"line":776,"column":87},"end":{"line":781,"column":3}},"line":776},"102":{"name":"(anonymous_102)","decl":{"start":{"line":784,"column":33},"end":{"line":784,"column":34}},"loc":{"start":{"line":784,"column":45},"end":{"line":828,"column":1}},"line":784},"103":{"name":"(anonymous_103)","decl":{"start":{"line":785,"column":13},"end":{"line":785,"column":14}},"loc":{"start":{"line":785,"column":25},"end":{"line":791,"column":3}},"line":785},"104":{"name":"(anonymous_104)","decl":{"start":{"line":786,"column":25},"end":{"line":786,"column":26}},"loc":{"start":{"line":786,"column":49},"end":{"line":790,"column":5}},"line":786},"105":{"name":"(anonymous_105)","decl":{"start":{"line":792,"column":12},"end":{"line":792,"column":13}},"loc":{"start":{"line":792,"column":24},"end":{"line":796,"column":3}},"line":792},"106":{"name":"(anonymous_106)","decl":{"start":{"line":793,"column":25},"end":{"line":793,"column":26}},"loc":{"start":{"line":793,"column":49},"end":{"line":795,"column":5}},"line":793},"107":{"name":"(anonymous_107)","decl":{"start":{"line":797,"column":76},"end":{"line":797,"column":77}},"loc":{"start":{"line":797,"column":92},"end":{"line":819,"column":3}},"line":797},"108":{"name":"(anonymous_108)","decl":{"start":{"line":798,"column":101},"end":{"line":798,"column":102}},"loc":{"start":{"line":798,"column":121},"end":{"line":818,"column":5}},"line":798},"109":{"name":"(anonymous_109)","decl":{"start":{"line":820,"column":58},"end":{"line":820,"column":59}},"loc":{"start":{"line":820,"column":74},"end":{"line":827,"column":3}},"line":820},"110":{"name":"(anonymous_110)","decl":{"start":{"line":821,"column":68},"end":{"line":821,"column":69}},"loc":{"start":{"line":821,"column":88},"end":{"line":826,"column":5}},"line":821},"111":{"name":"(anonymous_111)","decl":{"start":{"line":830,"column":33},"end":{"line":830,"column":34}},"loc":{"start":{"line":830,"column":45},"end":{"line":848,"column":1}},"line":830},"112":{"name":"(anonymous_112)","decl":{"start":{"line":831,"column":13},"end":{"line":831,"column":14}},"loc":{"start":{"line":831,"column":25},"end":{"line":835,"column":3}},"line":831},"113":{"name":"(anonymous_113)","decl":{"start":{"line":832,"column":25},"end":{"line":832,"column":26}},"loc":{"start":{"line":832,"column":49},"end":{"line":834,"column":5}},"line":832},"114":{"name":"(anonymous_114)","decl":{"start":{"line":836,"column":12},"end":{"line":836,"column":13}},"loc":{"start":{"line":836,"column":24},"end":{"line":840,"column":3}},"line":836},"115":{"name":"(anonymous_115)","decl":{"start":{"line":837,"column":25},"end":{"line":837,"column":26}},"loc":{"start":{"line":837,"column":49},"end":{"line":839,"column":5}},"line":837},"116":{"name":"(anonymous_116)","decl":{"start":{"line":841,"column":74},"end":{"line":841,"column":75}},"loc":{"start":{"line":841,"column":90},"end":{"line":847,"column":3}},"line":841},"117":{"name":"(anonymous_117)","decl":{"start":{"line":842,"column":101},"end":{"line":842,"column":102}},"loc":{"start":{"line":842,"column":121},"end":{"line":846,"column":5}},"line":842},"118":{"name":"(anonymous_118)","decl":{"start":{"line":850,"column":49},"end":{"line":850,"column":50}},"loc":{"start":{"line":850,"column":61},"end":{"line":1217,"column":1}},"line":850},"119":{"name":"(anonymous_119)","decl":{"start":{"line":851,"column":60},"end":{"line":851,"column":61}},"loc":{"start":{"line":851,"column":76},"end":{"line":873,"column":3}},"line":851},"120":{"name":"(anonymous_120)","decl":{"start":{"line":852,"column":102},"end":{"line":852,"column":103}},"loc":{"start":{"line":852,"column":122},"end":{"line":872,"column":5}},"line":852},"121":{"name":"(anonymous_121)","decl":{"start":{"line":874,"column":61},"end":{"line":874,"column":62}},"loc":{"start":{"line":874,"column":77},"end":{"line":896,"column":3}},"line":874},"122":{"name":"(anonymous_122)","decl":{"start":{"line":875,"column":103},"end":{"line":875,"column":104}},"loc":{"start":{"line":875,"column":123},"end":{"line":895,"column":5}},"line":875},"123":{"name":"(anonymous_123)","decl":{"start":{"line":897,"column":60},"end":{"line":897,"column":61}},"loc":{"start":{"line":897,"column":76},"end":{"line":904,"column":3}},"line":897},"124":{"name":"(anonymous_124)","decl":{"start":{"line":898,"column":70},"end":{"line":898,"column":71}},"loc":{"start":{"line":898,"column":90},"end":{"line":903,"column":5}},"line":898},"125":{"name":"(anonymous_125)","decl":{"start":{"line":905,"column":51},"end":{"line":905,"column":52}},"loc":{"start":{"line":905,"column":67},"end":{"line":912,"column":3}},"line":905},"126":{"name":"(anonymous_126)","decl":{"start":{"line":906,"column":106},"end":{"line":906,"column":107}},"loc":{"start":{"line":906,"column":126},"end":{"line":911,"column":5}},"line":906},"127":{"name":"(anonymous_127)","decl":{"start":{"line":913,"column":66},"end":{"line":913,"column":67}},"loc":{"start":{"line":913,"column":82},"end":{"line":935,"column":3}},"line":913},"128":{"name":"(anonymous_128)","decl":{"start":{"line":914,"column":110},"end":{"line":914,"column":111}},"loc":{"start":{"line":914,"column":130},"end":{"line":934,"column":5}},"line":914},"129":{"name":"(anonymous_129)","decl":{"start":{"line":936,"column":82},"end":{"line":936,"column":83}},"loc":{"start":{"line":936,"column":98},"end":{"line":958,"column":3}},"line":936},"130":{"name":"(anonymous_130)","decl":{"start":{"line":937,"column":127},"end":{"line":937,"column":128}},"loc":{"start":{"line":937,"column":147},"end":{"line":957,"column":5}},"line":937},"131":{"name":"(anonymous_131)","decl":{"start":{"line":959,"column":79},"end":{"line":959,"column":80}},"loc":{"start":{"line":959,"column":95},"end":{"line":981,"column":3}},"line":959},"132":{"name":"(anonymous_132)","decl":{"start":{"line":960,"column":129},"end":{"line":960,"column":130}},"loc":{"start":{"line":960,"column":149},"end":{"line":980,"column":5}},"line":960},"133":{"name":"(anonymous_133)","decl":{"start":{"line":982,"column":51},"end":{"line":982,"column":52}},"loc":{"start":{"line":982,"column":67},"end":{"line":1003,"column":3}},"line":982},"134":{"name":"(anonymous_134)","decl":{"start":{"line":983,"column":118},"end":{"line":983,"column":119}},"loc":{"start":{"line":983,"column":138},"end":{"line":1002,"column":5}},"line":983},"135":{"name":"(anonymous_135)","decl":{"start":{"line":1004,"column":81},"end":{"line":1004,"column":82}},"loc":{"start":{"line":1004,"column":97},"end":{"line":1025,"column":3}},"line":1004},"136":{"name":"(anonymous_136)","decl":{"start":{"line":1005,"column":134},"end":{"line":1005,"column":135}},"loc":{"start":{"line":1005,"column":154},"end":{"line":1024,"column":5}},"line":1005},"137":{"name":"(anonymous_137)","decl":{"start":{"line":1026,"column":70},"end":{"line":1026,"column":71}},"loc":{"start":{"line":1026,"column":86},"end":{"line":1047,"column":3}},"line":1026},"138":{"name":"(anonymous_138)","decl":{"start":{"line":1027,"column":118},"end":{"line":1027,"column":119}},"loc":{"start":{"line":1027,"column":138},"end":{"line":1046,"column":5}},"line":1027},"139":{"name":"(anonymous_139)","decl":{"start":{"line":1048,"column":84},"end":{"line":1048,"column":85}},"loc":{"start":{"line":1048,"column":100},"end":{"line":1069,"column":3}},"line":1048},"140":{"name":"(anonymous_140)","decl":{"start":{"line":1049,"column":146},"end":{"line":1049,"column":147}},"loc":{"start":{"line":1049,"column":166},"end":{"line":1068,"column":5}},"line":1049},"141":{"name":"(anonymous_141)","decl":{"start":{"line":1070,"column":70},"end":{"line":1070,"column":71}},"loc":{"start":{"line":1070,"column":86},"end":{"line":1091,"column":3}},"line":1070},"142":{"name":"(anonymous_142)","decl":{"start":{"line":1071,"column":118},"end":{"line":1071,"column":119}},"loc":{"start":{"line":1071,"column":138},"end":{"line":1090,"column":5}},"line":1071},"143":{"name":"(anonymous_143)","decl":{"start":{"line":1092,"column":60},"end":{"line":1092,"column":61}},"loc":{"start":{"line":1092,"column":76},"end":{"line":1113,"column":3}},"line":1092},"144":{"name":"(anonymous_144)","decl":{"start":{"line":1093,"column":130},"end":{"line":1093,"column":131}},"loc":{"start":{"line":1093,"column":150},"end":{"line":1112,"column":5}},"line":1093},"145":{"name":"(anonymous_145)","decl":{"start":{"line":1114,"column":69},"end":{"line":1114,"column":70}},"loc":{"start":{"line":1114,"column":85},"end":{"line":1135,"column":3}},"line":1114},"146":{"name":"(anonymous_146)","decl":{"start":{"line":1115,"column":122},"end":{"line":1115,"column":123}},"loc":{"start":{"line":1115,"column":142},"end":{"line":1134,"column":5}},"line":1115},"147":{"name":"(anonymous_147)","decl":{"start":{"line":1136,"column":69},"end":{"line":1136,"column":70}},"loc":{"start":{"line":1136,"column":85},"end":{"line":1157,"column":3}},"line":1136},"148":{"name":"(anonymous_148)","decl":{"start":{"line":1137,"column":122},"end":{"line":1137,"column":123}},"loc":{"start":{"line":1137,"column":142},"end":{"line":1156,"column":5}},"line":1137},"149":{"name":"(anonymous_149)","decl":{"start":{"line":1158,"column":51},"end":{"line":1158,"column":52}},"loc":{"start":{"line":1158,"column":67},"end":{"line":1179,"column":3}},"line":1158},"150":{"name":"(anonymous_150)","decl":{"start":{"line":1159,"column":118},"end":{"line":1159,"column":119}},"loc":{"start":{"line":1159,"column":138},"end":{"line":1178,"column":5}},"line":1159},"151":{"name":"(anonymous_151)","decl":{"start":{"line":1180,"column":44},"end":{"line":1180,"column":45}},"loc":{"start":{"line":1180,"column":60},"end":{"line":1202,"column":3}},"line":1180},"152":{"name":"(anonymous_152)","decl":{"start":{"line":1181,"column":112},"end":{"line":1181,"column":113}},"loc":{"start":{"line":1181,"column":132},"end":{"line":1201,"column":5}},"line":1181},"153":{"name":"(anonymous_153)","decl":{"start":{"line":1203,"column":62},"end":{"line":1203,"column":63}},"loc":{"start":{"line":1203,"column":78},"end":{"line":1210,"column":3}},"line":1203},"154":{"name":"(anonymous_154)","decl":{"start":{"line":1204,"column":115},"end":{"line":1204,"column":116}},"loc":{"start":{"line":1204,"column":135},"end":{"line":1209,"column":5}},"line":1204},"155":{"name":"(anonymous_155)","decl":{"start":{"line":1211,"column":67},"end":{"line":1211,"column":68}},"loc":{"start":{"line":1211,"column":83},"end":{"line":1216,"column":3}},"line":1211},"156":{"name":"(anonymous_156)","decl":{"start":{"line":1219,"column":51},"end":{"line":1219,"column":52}},"loc":{"start":{"line":1219,"column":63},"end":{"line":1435,"column":1}},"line":1219},"157":{"name":"(anonymous_157)","decl":{"start":{"line":1307,"column":9},"end":{"line":1307,"column":10}},"loc":{"start":{"line":1307,"column":25},"end":{"line":1316,"column":3}},"line":1307},"158":{"name":"(anonymous_158)","decl":{"start":{"line":1312,"column":97},"end":{"line":1312,"column":98}},"loc":{"start":{"line":1312,"column":117},"end":{"line":1315,"column":5}},"line":1312},"159":{"name":"(anonymous_159)","decl":{"start":{"line":1317,"column":67},"end":{"line":1317,"column":68}},"loc":{"start":{"line":1317,"column":83},"end":{"line":1339,"column":3}},"line":1317},"160":{"name":"(anonymous_160)","decl":{"start":{"line":1318,"column":123},"end":{"line":1318,"column":124}},"loc":{"start":{"line":1318,"column":143},"end":{"line":1338,"column":5}},"line":1318},"161":{"name":"(anonymous_161)","decl":{"start":{"line":1340,"column":53},"end":{"line":1340,"column":54}},"loc":{"start":{"line":1340,"column":69},"end":{"line":1347,"column":3}},"line":1340},"162":{"name":"(anonymous_162)","decl":{"start":{"line":1341,"column":126},"end":{"line":1341,"column":127}},"loc":{"start":{"line":1341,"column":146},"end":{"line":1346,"column":5}},"line":1341},"163":{"name":"(anonymous_163)","decl":{"start":{"line":1348,"column":47},"end":{"line":1348,"column":48}},"loc":{"start":{"line":1348,"column":63},"end":{"line":1355,"column":3}},"line":1348},"164":{"name":"(anonymous_164)","decl":{"start":{"line":1349,"column":121},"end":{"line":1349,"column":122}},"loc":{"start":{"line":1349,"column":141},"end":{"line":1354,"column":5}},"line":1349},"165":{"name":"(anonymous_165)","decl":{"start":{"line":1356,"column":65},"end":{"line":1356,"column":66}},"loc":{"start":{"line":1356,"column":81},"end":{"line":1363,"column":3}},"line":1356},"166":{"name":"(anonymous_166)","decl":{"start":{"line":1357,"column":123},"end":{"line":1357,"column":124}},"loc":{"start":{"line":1357,"column":143},"end":{"line":1362,"column":5}},"line":1357},"167":{"name":"(anonymous_167)","decl":{"start":{"line":1364,"column":65},"end":{"line":1364,"column":66}},"loc":{"start":{"line":1364,"column":81},"end":{"line":1371,"column":3}},"line":1364},"168":{"name":"(anonymous_168)","decl":{"start":{"line":1365,"column":122},"end":{"line":1365,"column":123}},"loc":{"start":{"line":1365,"column":142},"end":{"line":1370,"column":5}},"line":1365},"169":{"name":"(anonymous_169)","decl":{"start":{"line":1372,"column":51},"end":{"line":1372,"column":52}},"loc":{"start":{"line":1372,"column":67},"end":{"line":1379,"column":3}},"line":1372},"170":{"name":"(anonymous_170)","decl":{"start":{"line":1373,"column":129},"end":{"line":1373,"column":130}},"loc":{"start":{"line":1373,"column":149},"end":{"line":1378,"column":5}},"line":1373},"171":{"name":"(anonymous_171)","decl":{"start":{"line":1380,"column":52},"end":{"line":1380,"column":53}},"loc":{"start":{"line":1380,"column":68},"end":{"line":1387,"column":3}},"line":1380},"172":{"name":"(anonymous_172)","decl":{"start":{"line":1381,"column":130},"end":{"line":1381,"column":131}},"loc":{"start":{"line":1381,"column":150},"end":{"line":1386,"column":5}},"line":1381},"173":{"name":"(anonymous_173)","decl":{"start":{"line":1388,"column":49},"end":{"line":1388,"column":50}},"loc":{"start":{"line":1388,"column":65},"end":{"line":1395,"column":3}},"line":1388},"174":{"name":"(anonymous_174)","decl":{"start":{"line":1389,"column":127},"end":{"line":1389,"column":128}},"loc":{"start":{"line":1389,"column":147},"end":{"line":1394,"column":5}},"line":1389},"175":{"name":"(anonymous_175)","decl":{"start":{"line":1396,"column":59},"end":{"line":1396,"column":60}},"loc":{"start":{"line":1396,"column":75},"end":{"line":1403,"column":3}},"line":1396},"176":{"name":"(anonymous_176)","decl":{"start":{"line":1397,"column":128},"end":{"line":1397,"column":129}},"loc":{"start":{"line":1397,"column":148},"end":{"line":1402,"column":5}},"line":1397},"177":{"name":"(anonymous_177)","decl":{"start":{"line":1404,"column":59},"end":{"line":1404,"column":60}},"loc":{"start":{"line":1404,"column":75},"end":{"line":1411,"column":3}},"line":1404},"178":{"name":"(anonymous_178)","decl":{"start":{"line":1405,"column":128},"end":{"line":1405,"column":129}},"loc":{"start":{"line":1405,"column":148},"end":{"line":1410,"column
[...]
46}},{"start":{"line":263,"column":50},"end":{"line":263,"column":73}}],"line":263},"61":{"loc":{"start":{"line":266,"column":10},"end":{"line":272,"column":11}},"type":"if","locations":[{"start":{"line":266,"column":10},"end":{"line":272,"column":11}},{"start":{"line":266,"column":10},"end":{"line":272,"column":11}}],"line":266},"62":{"loc":{"start":{"line":273,"column":10},"end":{"line":279,"column":11}},"type":"if","locations":[{"start":{"line":273,"column":10},"end":{"line":279,"column":11}},{"start":{"line":273,"column":10},"end":{"line":279,"column":11}}],"line":273},"63":{"loc":{"start":{"line":281,"column":8},"end":{"line":285,"column":9}},"type":"if","locations":[{"start":{"line":281,"column":8},"end":{"line":285,"column":9}},{"start":{"line":281,"column":8},"end":{"line":285,"column":9}}],"line":281},"64":{"loc":{"start":{"line":283,"column":19},"end":{"line":283,"column":99}},"type":"binary-expr","locations":[{"start":{"line":283,"column":19},"end":{"line":283,"column":63}},{"start":{"line":283,"column":67},"end":{"line":283,"column":99}}],"line":283},"65":{"loc":{"start":{"line":286,"column":8},"end":{"line":291,"column":9}},"type":"if","locations":[{"start":{"line":286,"column":8},"end":{"line":291,"column":9}},{"start":{"line":286,"column":8},"end":{"line":291,"column":9}}],"line":286},"66":{"loc":{"start":{"line":308,"column":17},"end":{"line":308,"column":97}},"type":"binary-expr","locations":[{"start":{"line":308,"column":17},"end":{"line":308,"column":61}},{"start":{"line":308,"column":65},"end":{"line":308,"column":97}}],"line":308},"67":{"loc":{"start":{"line":310,"column":8},"end":{"line":316,"column":9}},"type":"if","locations":[{"start":{"line":310,"column":8},"end":{"line":316,"column":9}},{"start":{"line":310,"column":8},"end":{"line":316,"column":9}}],"line":310},"68":{"loc":{"start":{"line":318,"column":8},"end":{"line":352,"column":9}},"type":"if","locations":[{"start":{"line":318,"column":8},"end":{"line":352,"column":9}},{"start":{"line":318,"column":8},"end":{"line":352,"column":9}}],"line":318},"69":{"loc":{"start":{"line":341,"column":14},"end":{"line":343,"column":15}},"type":"if","locations":[{"start":{"line":341,"column":14},"end":{"line":343,"column":15}},{"start":{"line":341,"column":14},"end":{"line":343,"column":15}}],"line":341},"70":{"loc":{"start":{"line":341,"column":18},"end":{"line":341,"column":64}},"type":"binary-expr","locations":[{"start":{"line":341,"column":18},"end":{"line":341,"column":44}},{"start":{"line":341,"column":48},"end":{"line":341,"column":64}}],"line":341},"71":{"loc":{"start":{"line":345,"column":14},"end":{"line":347,"column":15}},"type":"if","locations":[{"start":{"line":345,"column":14},"end":{"line":347,"column":15}},{"start":{"line":345,"column":14},"end":{"line":347,"column":15}}],"line":345},"72":{"loc":{"start":{"line":368,"column":17},"end":{"line":368,"column":97}},"type":"binary-expr","locations":[{"start":{"line":368,"column":17},"end":{"line":368,"column":61}},{"start":{"line":368,"column":65},"end":{"line":368,"column":97}}],"line":368},"73":{"loc":{"start":{"line":370,"column":8},"end":{"line":375,"column":9}},"type":"if","locations":[{"start":{"line":370,"column":8},"end":{"line":375,"column":9}},{"start":{"line":370,"column":8},"end":{"line":375,"column":9}}],"line":370},"74":{"loc":{"start":{"line":395,"column":10},"end":{"line":400,"column":11}},"type":"if","locations":[{"start":{"line":395,"column":10},"end":{"line":400,"column":11}},{"start":{"line":395,"column":10},"end":{"line":400,"column":11}}],"line":395},"75":{"loc":{"start":{"line":396,"column":12},"end":{"line":399,"column":13}},"type":"if","locations":[{"start":{"line":396,"column":12},"end":{"line":399,"column":13}},{"start":{"line":396,"column":12},"end":{"line":399,"column":13}}],"line":396},"76":{"loc":{"start":{"line":402,"column":8},"end":{"line":408,"column":9}},"type":"if","locations":[{"start":{"line":402,"column":8},"end":{"line":408,"column":9}},{"start":{"line":402,"column":8},"end":{"line":408,"column":9}}],"line":402}},"s":{"0":1,"1":1,"2":0,"3":0,"4":0,"5":0,"6":0,"7":0,"8":0,"9":0,"10":0,"11":0,"12":0,"13":0,"14":0,"15":0,"16":0,"17":0,"18":0,"19":0,"20":1,"21":7,"22":7,"23":0,"24":0,"25":0,"26":1,"27":1,"28":1,"29":6,"30":6,"31":6,"32":6,"33":6,"34":6,"35":1,"36":1,"37":0,"38":1,"39":1,"40":1,"41":1,"42":1,"43":1,"44":1,"45":1,"46":2,"47":0,"48":0,"49":1,"50":0,"51":1,"52":2,"53":2,"54":2,"55":1,"56":1,"57":1,"58":1,"59":1,"60":1,"61":1,"62":1,"63":1,"64":1,"65":1,"66":1,"67":1,"68":1,"69":4,"70":4,"71":4,"72":24,"73":13,"74":24,"75":4,"76":1,"77":3,"78":2,"79":1,"80":1,"81":1,"82":19,"83":19,"84":18,"85":18,"86":3,"87":3,"88":3,"89":3,"90":18,"91":3,"92":1,"93":1,"94":1,"95":3,"96":2,"97":2,"98":3,"99":18,"100":4,"101":4,"102":24,"103":4,"104":3,"105":1,"106":1,"107":1,"108":3,"109":1,"110":1,"111":1,"112":18,"113":3,"114":3,"115":18,"116":3,"117":3,"118":1,"119":1,"120":4,"121":3,"122":1,"123":1,"124":1,"125":18,"126":2,"127":2,"128":2,"129":2,"130":2,"131":12,"132":2,"133":2,"134":2,"135":2,"136":3,"137":2,"138":1,"139":1,"140":1,"141":2,"142":1,"143":1,"144":1,"145":2,"146":1,"147":1,"148":1,"149":18,"150":5,"151":5,"152":30,"153":5,"154":4,"155":1,"156":1,"157":1,"158":4,"159":1,"160":1,"161":1,"162":4,"163":1,"164":1,"165":1,"166":18,"167":8,"168":3,"169":3,"170":9,"171":8,"172":2,"173":2,"174":12,"175":8,"176":2,"177":2,"178":2,"179":18,"180":4,"181":23,"182":18,"183":15,"184":3,"185":1,"186":3,"187":3,"188":2,"189":2,"190":12,"191":2,"192":1,"193":1,"194":1,"195":1,"196":1,"197":1,"198":1,"199":1,"200":1,"201":7,"202":7,"203":7,"204":7,"205":7,"206":0,"207":0,"208":1,"209":1,"210":0,"211":1,"212":0,"213":1,"214":1,"215":1,"216":3,"217":3,"218":2,"219":2,"220":12,"221":2,"222":1,"223":1,"224":1,"225":1,"226":3,"227":3,"228":2,"229":2,"230":2,"231":12,"232":1,"233":1,"234":1,"235":2,"236":1,"237":1,"238":1,"239":1,"240":1,"241":1,"242":1},"f":{"0":1,"1":0,"2":7,"3":1,"4":1,"5":1,"6":2,"7":0,"8":1,"9":0,"10":2,"11":4,"12":24,"13":19,"14":18,"15":1,"16":3,"17":24,"18":1,"19":1,"20":18,"21":4,"22":1,"23":12,"24":3,"25":1,"26":1,"27":1,"28":30,"29":1,"30":1,"31":1,"32":9,"33":12,"34":2,"35":23,"36":3,"37":12,"38":3,"39":12,"40":3,"41":12},"b":{"0":[0,0],"1":[0,0],"2":[0,0],"3":[0,0],"4":[0,0],"5":[7,0],"6":[0,0],"7":[6,6],"8":[6,0],"9":[0,1],"10":[1,0],"11":[2,0],"12":[2,2],"13":[0,0],"14":[1,0],"15":[13,11],"16":[1,3],"17":[2,1],"18":[1,0],"19":[3,15],"20":[18,5],"21":[5,3],"22":[3,0],"23":[18,4],"24":[1,2],"25":[2,1],"26":[4,14],"27":[18,7],"28":[7,5],"29":[24,6],"30":[3,1],"31":[1,2],"32":[1,2],"33":[3,15],"34":[18,5],"35":[5,4],"36":[18,12],"37":[3,0],"38":[1,2],"39":[1,2],"40":[2,16],"41":[18,5,3],"42":[2,0],"43":[2,0],"44":[12,3],"45":[2,0],"46":[2,0],"47":[1,1],"48":[1,1],"49":[1,1],"50":[5,13],"51":[18,13],"52":[30,7],"53":[4,1],"54":[1,3],"55":[1,3],"56":[1,3],"57":[8,10],"58":[18,13],"59":[3,5],"60":[9,9],"61":[2,6],"62":[2,6],"63":[4,14],"64":[23,2],"65":[15,3],"66":[12,1],"67":[1,1],"68":[1,0],"69":[0,1],"70":[1,0],"71":[0,1],"72":[12,1],"73":[1,1],"74":[1,11],"75":[1,0],"76":[1,1]},"_coverageSchema":"43e27e138ebf9cfc5966b082cf9a028302ed4184","hash":"bd26cccc377602daa9b315e491e651b1457fc547","contentHash":"2870396261bfdcc4675ed99ab38bc4671a77e4d6c4e28dde1ada4e8ff5b10176"},"/Users/farce/Desktop/dev/PropertyPro-lite/PropertyPro-lite/API/models/property.js":{"path":"/Users/farce/Desktop/dev/PropertyPro-lite/PropertyPro-lite/API/models/property.js","statementMap":{"0":{"start":{"line":3,"column":0},"end":{"line":5,"column":3}},"1":{"start":{"line":7,"column":50},"end":{"line":7,"column":151}},"2":{"start":{"line":7,"column":92},"end":{"line":7,"column":149}},"3":{"start":{"line":9,"column":15},"end":{"line":43,"column":1}},"4":{"start":{"line":10,"column":19},"end":{"line":10,"column":34}},"5":{"start":{"line":11,"column":14},"end":{"line":11,"column":24}},"6":{"start":{"line":12,"column":15},"end":{"line":12,"column":26}},"7":{"start":{"line":13,"column":14},"end":{"line":13,"column":24}},"8":{"start":{"line":14,"column":14},"end":{"line":14,"column":24}},"9":{"start":{"line":15,"column":13},"end":{"line":15,"column":22}},"10":{"start":{"line":16,"column":16},"end":{"line":16,"column":28}},"11":{"start":{"line":17,"column":13},"end":{"line":17,"column":22}},"12":{"start":{"line":18,"column":18},"end":{"line":18,"column":32}},"13":{"start":{"line":19,"column":17},"end":{"line":19,"column":30}},"14":{"start":{"line":20,"column":14},"end":{"line":20,"column":24}},"15":{"start":{"line":21,"column":14},"end":{"line":21,"column":24}},"16":{"start":{"line":22,"column":17},"end":{"line":22,"column":30}},"17":{"start":{"line":23,"column":16},"end":{"line":23,"column":28}},"18":{"start":{"line":24,"column":22},"end":{"line":24,"column":40}},"19":{"start":{"line":26,"column":2},"end":{"line":26,"column":34}},"20":{"start":{"line":28,"column":2},"end":{"line":28,"column":31}},"21":{"start":{"line":29,"column":2},"end":{"line":29,"column":37}},"22":{"start":{"line":30,"column":2},"end":{"line":30,"column":19}},"23":{"start":{"line":31,"column":2},"end":{"line":31,"column":21}},"24":{"start":{"line":32,"column":2},"end":{"line":32,"column":19}},"25":{"start":{"line":33,"column":2},"end":{"line":33,"column":25}},"26":{"start":{"line":34,"column":2},"end":{"line":34,"column":21}},"27":{"start":{"line":35,"column":2},"end":{"line":35,"column":60}},"28":{"start":{"line":36,"column":2},"end":{"line":36,"column":27}},"29":{"start":{"line":37,"column":2},"end":{"line":37,"column":21}},"30":{"start":{"line":38,"column":2},"end":{"line":38,"column":21}},"31":{"start":{"line":39,"column":2},"end":{"line":39,"column":36}},"32":{"start":{"line":40,"column":2},"end":{"line":40,"column":68}},"33":{"start":{"line":41,"column":2},"end":{"line":41,"column":21}},"34":{"start":{"line":42,"column":2},"end":{"line":42,"column":34}},"35":{"start":{"line":45,"column":0},"end":{"line":45,"column":27}}},"fnMap":{"0":{"name":"_classCallCheck","decl":{"start":{"line":7,"column":9},"end":{"line":7,"column":24}},"loc":{"start":{"line":7,"column":48},"end":{"line":7,"column":153}},"line":7},"1":{"name":"Property","decl":{"start":{"line":9,"column":24},"end":{"line":9,"column":32}},"loc":{"start":{"line":9,"column":39},"end":{"line":43,"column":1}},"line":9}},"branchMap":{"0":{"loc":{"start":{"line":7,"column":50},"end":{"line":7,"column":151}},"type":"if","locations":[{"start":{"line":7,"column":50},"end":{"line":7,"column":151}},{"start":{"line":7,"column":50},"end":{"line":7,"column":151}}],"line":7},"1":{"loc":{"start":{"line":29,"column":16},"end":{"line":29,"column":36}},"type":"binary-expr","locations":[{"start":{"line":29,"column":16},"end":{"line":29,"column":22}},{"start":{"line":29,"column":26},"end":{"line":29,"column":36}}],"line":29},"2":{"loc":{"start":{"line":35,"column":19},"end":{"line":35,"column":59}},"type":"binary-expr","locations":[{"start":{"line":35,"column":19},"end":{"line":35,"column":28}},{"start":{"line":35,"column":32},"end":{"line":35,"column":59}}],"line":35},"3":{"loc":{"start":{"line":39,"column":18},"end":{"line":39,"column":35}},"type":"binary-expr","locations":[{"start":{"line":39,"column":18},"end":{"line":39,"column":26}},{"start":{"line":39,"column":30},"end":{"line":39,"column":35}}],"line":39},"4":{"loc":{"start":{"line":40,"column":23},"end":{"line":40,"column":67}},"type":"binary-expr","locations":[{"start":{"line":40,"column":23},"end":{"line":40,"column":36}},{"start":{"line":40,"column":40},"end":{"line":40,"column":67}}],"line":40},"5":{"loc":{"start":{"line":42,"column":17},"end":{"line":42,"column":33}},"type":"binary-expr","locations":[{"start":{"line":42,"column":17},"end":{"line":42,"column":24}},{"start":{"line":42,"column":28},"end":{"line":42,"column":33}}],"line":42}},"s":{"0":1,"1":1,"2":0,"3":1,"4":1,"5":1,"6":1,"7":1,"8":1,"9":1,"10":1,"11":1,"12":1,"13":1,"14":1,"15":1,"16":1,"17":1,"18":1,"19":1,"20":1,"21":1,"22":1,"23":1,"24":1,"25":1,"26":1,"27":1,"28":1,"29":1,"30":1,"31":1,"32":1,"33":1,"34":1,"35":1},"f":{"0":1,"1":1},"b":{"0":[0,1],"1":[1,0],"2":[1,1],"3":[1,1],"4":[1,1],"5":[1,1]},"_coverageSchema":"43e27e138ebf9cfc5966b082cf9a028302ed4184","hash":"edc5944924d51c70c27ecf8b5c488e7934dfe2fa","contentHash":"57c577c343bde48a63db267854b537a4f4ad1dbd31b64db32445bd4c8b816be7"},"/Users/farce/Desktop/dev/PropertyPro-lite/PropertyPro-lite/API/middlewares/permissionMiddleware.js":{"path":"/Users/farce/Desktop/dev/PropertyPro-lite/PropertyPro-lite/API/middlewares/permissionMiddleware.js","statementMap":{"0":{"start":{"line":3,"column":0},"end":{"line":5,"column":3}},"1":{"start":{"line":7,"column":19},"end":{"line":7,"column":563}},"2":{"start":{"line":7,"column":76},"end":{"line":7,"column":347}},"3":{"start":{"line":7,"column":89},"end":{"line":7,"column":90}},"4":{"start":{"line":7,"column":134},"end":{"line":7,"column":142}},"5":{"start":{"line":7,"column":144},"end":{"line":7,"column":199}},"6":{"start":{"line":7,"column":200},"end":{"line":7,"column":231}},"7":{"start":{"line":7,"column":232},"end":{"line":7,"column":286}},"8":{"start":{"line":7,"column":259},"end":{"line":7,"column":286}},"9":{"start":{"line":7,"column":287},"end":{"line":7,"column":345}},"10":{"start":{"line":7,"column":350},"end":{"line":7,"column":559}},"11":{"start":{"line":7,"column":407},"end":{"line":7,"column":475}},"12":{"start":{"line":7,"column":423},"end":{"line":7,"column":475}},"13":{"start":{"line":7,"column":476},"end":{"line":7,"column":536}},"14":{"start":{"line":7,"column":493},"end":{"line":7,"column":536}},"15":{"start":{"line":7,"column":537},"end":{"line":7,"column":556}},"16":{"start":{"line":9,"column":18},"end":{"line":9,"column":50}},"17":{"start":{"line":11,"column":19},"end":{"line":11,"column":54}},"18":{"start":{"line":13,"column":39},"end":{"line":13,"column":93}},"19":{"start":{"line":15,"column":50},"end":{"line":15,"column":151}},"20":{"start":{"line":15,"column":92},"end":{"line":15,"column":149}},"21":{"start":{"line":17,"column":28},"end":{"line":58,"column":3}},"22":{"start":{"line":19,"column":4},"end":{"line":19,"column":49}},"23":{"start":{"line":22,"column":2},"end":{"line":55,"column":6}},"24":{"start":{"line":25,"column":6},"end":{"line":31,"column":7}},"25":{"start":{"line":26,"column":8},"end":{"line":30,"column":11}},"26":{"start":{"line":32,"column":6},"end":{"line":32,"column":13}},"27":{"start":{"line":37,"column":19},"end":{"line":37,"column":34}},"28":{"start":{"line":39,"column":17},"end":{"line":39,"column":40}},"29":{"start":{"line":40,"column":23},"end":{"line":40,"column":38}},"30":{"start":{"line":42,"column":26},"end":{"line":42,"column":90}},"31":{"start":{"line":44,"column":6},"end":{"line":52,"column":7}},"32":{"start":{"line":45,"column":8},"end":{"line":51,"column":9}},"33":{"start":{"line":46,"column":10},"end":{"line":50,"column":13}},"34":{"start":{"line":53,"column":6},"end":{"line":53,"column":13}},"35":{"start":{"line":57,"column":2},"end":{"line":57,"column":31}},"36":{"start":{"line":60,"column":0},"end":{"line":60,"column":40}}},"fnMap":{"0":{"name":"(anonymous_0)","decl":{"start":{"line":7,"column":19},"end":{"line":7,"column":20}},"loc":{"start":{"line":7,"column":31},"end":{"line":7,"column":561}},"line":7},"1":{"name":"defineProperties","decl":{"start":{"line":7,"column":42},"end":{"line":7,"column":58}},"loc":{"start":{"line":7,"column":74},"end":{"line":7,"column":349}},"line":7},"2":{"name":"(anonymous_2)","decl":{"start":{"line":7,"column":357},"end":{"line":7,"column":358}},"loc":{"start":{"line":7,"column":405},"end":{"line":7,"column":558}},"line":7},"3":{"name":"_interopRequireDefault","decl":{"start":{"line":13,"column":9},"end":{"line":13,"column":31}},"loc":{"start":{"line":13,"column":37},"end":{"line":13,"column":95}},"line":13},"4":{"name":"_classCallCheck","decl":{"start":{"line":15,"column":9},"end":{"line":15,"column":24}},"loc":{"start":{"line":15,"column":48},"end":{"line":15,"column":153}},"line":15},"5":{"name":"(anonymous_5)","decl":{"start":{"line":17,"column":28},"end":{"line":17,"column":29}},"loc":{"start":{"line":17,"column":40},"end":{"line":58,"column":1}},"line":17},"6":{"name":"PermissionsMiddleware","decl":{"start":{"line":18,"column":11},"end":{"line":18,"column":32}},"loc":{"start":{"line":18,"column":35},"end":{"line":20,"column":3}},"line":18},"7":{"name":"authAgent","decl":{"start":{"line":24,"column":20},"end":{"line":24,"column":29}},"loc":{"start":{"line":24,"column":46},"end":{"line":33,"column":5}},"line":24},"8":{"name":"authPropertyOwner","decl":{"start":{"line":36,"column":20},"end":{"line":36,"column":37}},"loc":{"start":{"line":36,"column":54},"end":{"line":54,"column":5}},"line":36}},"branchMap":{"0":{"loc":{"start":{"line":7,"column":168},"end":{"line":7,"column":198}},"type":"binary-expr","locations":[{"start":{"line":7,"column":168},"end":{"line":7,"column":189}},{"start":{"line":7,"column":193},"end":{"line":7,"column":198}}],"line":7},"1":{"loc":{"start":{"line":7,"column":232},"end":{"line":7,"column":286}},"type":"if","locations":[{"start":{"line":7,"column":232},"end":{"line":7,"column":286}},{"start":{"line":7,"column":232},"end":{"line":7,"column":286}}],"line":7},"2":{"loc":{"start":{"line":7,"column":407},"end":{"line":7,"column":475}},"type":"if","locations":[{"start":{"line":7,"column":407},"end":{"line":7,"column":475}},{"start":{"line":7,"column":407},"end":{"line":7,"column":475}}],"line":7},"3":{"loc":{"start":{"line":7,"column":476},"end":{"line":7,"column":536}},"type":"if","locations":[{"start":{"line":7,"column":476},"end":{"line":7,"column":536}},{"start":{"line":7,"column":476},"end":{"line":7,"column":536}}],"line":7},"4":{"loc":{"start":{"line":13,"column":46},"end":{"line":13,"column":92}},"type":"cond-expr","locations":[{"start":{"line":13,"column":70},"end":{"line":13,"column":73}},{"start":{"line":13,"column":76},"end":{"line":13,"column":92}}],"line":13},"5":{"loc":{"start":{"line":13,"column":46},"end":{"line":13,"column":67}},"type":"binary-expr","locations":[{"start":{"line":13,"column":46},"end":{"line":13,"column":49}},{"start":{"line":13,"column":53},"end":{"line":13,"column":67}}],"line":13},"6":{"loc":{"start":{"line":15,"column":50},"end":{"line":15,"column":151}},"type":"if","locations":[{"start":{"line":15,"column":50},"end":{"line":15,"column":151}},{"start":{"line":15,"column":50},"end":{"line":15,"column":151}}],"line":15},"7":{"loc":{"start":{"line":25,"column":6},"end":{"line":31,"column":7}},"type":"if","locations":[{"start":{"line":25,"column":6},"end":{"line":31,"column":7}},{"start":{"line":25,"column":6},"end":{"line":31,"column":7}}],"line":25},"8":{"loc":{"start":{"line":39,"column":17},"end":{"line":39,"column":40}},"type":"binary-expr","locations":[{"start":{"line":39,"column":17},"end":{"line":39,"column":27}},{"start":{"line":39,"column":31},"end":{"line":39,"column":40}}],"line":39},"9":{"loc":{"start":{"line":44,"column":6},"end":{"line":52,"column":7}},"type":"if","locations":[{"start":{"line":44,"column":6},"end":{"line":52,"column":7}},{"start":{"line":44,"column":6},"end":{"line":52,"column":7}}],"line":44},"10":{"loc":{"start":{"line":45,"column":8},"end":{"line":51,"column":9}},"type":"if","locations":[{"start":{"line":45,"column":8},"end":{"line":51,"column":9}},{"start":{"line":45,"column":8},"end":{"line":51,"column":9}}],"line":45}},"s":{"0":1,"1":1,"2":1,"3":1,"4":2,"5":2,"6":2,"7":2,"8":2,"9":2,"10":1,"11":1,"12":0,"13":1,"14":1,"15":1,"16":1,"17":1,"18":1,"19":0,"20":0,"21":1,"22":0,"23":1,"24":16,"25":1,"26":15,"27":20,"28":20,"29":20,"30":20,"31":20,"32":17,"33":7,"34":13,"35":1,"36":1},"f":{"0":1,"1":1,"2":1,"3":1,"4":0,"5":1,"6":0,"7":16,"8":20},"b":{"0":[2,2],"1":[2,0],"2":[0,1],"3":[1,0],"4":[1,0],"5":[1,1],"6":[0,0],"7":[1,15],"8":[20,0],"9":[17,3],"10":[7,10]},"_coverageSchema":"43e27e138ebf9cfc5966b082cf9a028302ed4184","hash":"17b9af7a48eda60cd6866b7909d49f9ffd82f86a","contentHash":"b2d3363780eed7fd8bb7e52ffd4d0fd17289ab777c74b2c4e522ffe8ded19417"}}