TN:
SF:/Users/farce/Desktop/dev/PropertyPro-lite/PropertyPro-lite/API/app.js
FN:21,(anonymous_1)
FN:23,(anonymous_2)
FN:31,(anonymous_3)
FNF:3
FNH:3
FNDA:1,(anonymous_1)
FNDA:1,(anonymous_2)
FNDA:1,(anonymous_3)
DA:1,1
DA:2,1
DA:3,1
DA:4,1
DA:5,1
DA:6,1
DA:9,1
DA:10,1
DA:12,1
DA:13,1
DA:14,1
DA:16,1
DA:17,1
DA:19,1
DA:21,1
DA:23,1
DA:24,1
DA:31,1
DA:32,1
LF:19
LH:19
BRDA:10,0,0,1
BRDA:10,0,1,1
BRF:2
BRH:2
end_of_record
TN:
SF:/Users/farce/Desktop/dev/PropertyPro-lite/PropertyPro-lite/API/config.js
FNF:0
FNH:0
DA:2,1
DA:4,1
DA:6,1
LF:3
LH:3
BRDA:6,0,0,1
BRDA:6,0,1,0
BRF:2
BRH:1
end_of_record
TN:
SF:/Users/farce/Desktop/dev/PropertyPro-lite/PropertyPro-lite/API/controllers/propertyController.js
FN:6,listNewProperty
FN:43,getAllProperty
FN:46,(anonymous_12)
FN:78,getProperty
FN:87,(anonymous_14)
FN:90,(anonymous_15)
FN:94,(anonymous_16)
FN:100,(anonymous_17)
FN:104,(anonymous_18)
FN:108,(anonymous_19)
FN:114,(anonymous_20)
FN:118,(anonymous_21)
FN:122,(anonymous_22)
FN:131,(anonymous_23)
FN:135,(anonymous_24)
FN:139,(anonymous_25)
FN:143,(anonymous_26)
FN:147,(anonymous_27)
FN:155,(anonymous_28)
FN:159,(anonymous_29)
FN:163,(anonymous_30)
FN:167,(anonymous_31)
FN:174,(anonymous_32)
FN:178,(anonymous_33)
FN:182,(anonymous_34)
FN:186,(anonymous_35)
FN:204,editProperty
FN:208,(anonymous_37)
FN:234,updateProperty
FN:238,(anonymous_39)
FN:257,deleteProperty
FN:262,(anonymous_41)
FNF:32
FNH:32
FNDA:2,listNewProperty
FNDA:4,getAllProperty
FNDA:24,(anonymous_12)
FNDA:19,getProperty
FNDA:18,(anonymous_14)
FNDA:1,(anonymous_15)
FNDA:3,(anonymous_16)
FNDA:24,(anonymous_17)
FNDA:1,(anonymous_18)
FNDA:1,(anonymous_19)
FNDA:18,(anonymous_20)
FNDA:4,(anonymous_21)
FNDA:1,(anonymous_22)
FNDA:12,(anonymous_23)
FNDA:3,(anonymous_24)
FNDA:1,(anonymous_25)
FNDA:1,(anonymous_26)
FNDA:1,(anonymous_27)
FNDA:30,(anonymous_28)
FNDA:1,(anonymous_29)
FNDA:1,(anonymous_30)
FNDA:1,(anonymous_31)
FNDA:9,(anonymous_32)
FNDA:12,(anonymous_33)
FNDA:2,(anonymous_34)
FNDA:23,(anonymous_35)
FNDA:3,editProperty
FNDA:12,(anonymous_37)
FNDA:3,updateProperty
FNDA:12,(anonymous_39)
FNDA:3,deleteProperty
FNDA:12,(anonymous_41)
DA:1,1
DA:2,1
DA:3,1
DA:7,2
DA:8,2
DA:11,2
DA:13,1
DA:14,1
DA:15,1
DA:29,1
DA:31,1
DA:39,1
DA:44,4
DA:45,4
DA:46,4
DA:47,24
DA:48,13
DA:50,24
DA:53,4
DA:54,1
DA:60,3
DA:61,2
DA:67,1
DA:68,1
DA:74,1
DA:79,19
DA:80,19
DA:81,18
DA:83,18
DA:84,3
DA:85,3
DA:86,3
DA:87,18
DA:88,3
DA:89,1
DA:90,1
DA:92,3
DA:93,2
DA:94,3
DA:98,18
DA:99,4
DA:100,24
DA:101,4
DA:102,3
DA:103,1
DA:104,1
DA:106,3
DA:107,1
DA:108,1
DA:112,18
DA:113,3
DA:114,18
DA:115,3
DA:116,3
DA:117,1
DA:118,4
DA:120,3
DA:121,1
DA:122,1
DA:126,18
DA:127,2
DA:128,2
DA:129,2
DA:130,2
DA:131,12
DA:132,2
DA:133,2
DA:134,2
DA:135,3
DA:137,2
DA:138,1
DA:139,1
DA:141,2
DA:142,1
DA:143,1
DA:145,2
DA:146,1
DA:147,1
DA:153,18
DA:154,5
DA:155,30
DA:156,5
DA:157,4
DA:158,1
DA:159,1
DA:161,4
DA:162,1
DA:163,1
DA:165,4
DA:166,1
DA:167,1
DA:171,18
DA:172,8
DA:173,3
DA:174,9
DA:176,8
DA:177,2
DA:178,12
DA:180,8
DA:181,2
DA:182,2
DA:185,18
DA:186,23
DA:188,18
DA:189,15
DA:194,3
DA:200,1
DA:205,3
DA:206,3
DA:207,2
DA:208,12
DA:209,2
DA:210,1
DA:217,7
DA:218,1
DA:220,28
DA:221,7
DA:223,1
DA:225,1
DA:230,1
DA:235,3
DA:236,3
DA:237,2
DA:238,12
DA:239,2
DA:240,1
DA:246,1
DA:248,1
DA:253,1
DA:258,3
DA:259,3
DA:260,2
DA:261,2
DA:262,2
DA:263,12
DA:264,1
DA:265,1
DA:266,1
DA:270,2
DA:271,1
DA:277,1
DA:278,1
DA:279,1
DA:286,1
LF:144
LH:144
BRDA:14,0,0,1
BRDA:14,0,1,0
BRDA:47,1,0,13
BRDA:47,1,1,11
BRDA:53,2,0,1
BRDA:53,2,1,3
BRDA:60,3,0,2
BRDA:60,3,1,1
BRDA:67,4,0,1
BRDA:67,4,1,0
BRDA:83,5,0,3
BRDA:83,5,1,15
BRDA:83,6,0,18
BRDA:83,6,1,5
BRDA:83,7,0,5
BRDA:83,7,1,3
BRDA:86,8,0,3
BRDA:86,8,1,0
BRDA:87,9,0,18
BRDA:87,9,1,4
BRDA:88,10,0,1
BRDA:88,10,1,2
BRDA:92,11,0,2
BRDA:92,11,1,1
BRDA:98,12,0,4
BRDA:98,12,1,14
BRDA:98,13,0,18
BRDA:98,13,1,7
BRDA:98,14,0,7
BRDA:98,14,1,5
BRDA:100,15,0,24
BRDA:100,15,1,6
BRDA:101,16,0,3
BRDA:101,16,1,1
BRDA:102,17,0,1
BRDA:102,17,1,2
BRDA:106,18,0,1
BRDA:106,18,1,2
BRDA:112,19,0,3
BRDA:112,19,1,15
BRDA:112,20,0,18
BRDA:112,20,1,5
BRDA:112,21,0,5
BRDA:112,21,1,4
BRDA:114,22,0,18
BRDA:114,22,1,12
BRDA:115,23,0,3
BRDA:115,23,1,0
BRDA:116,24,0,1
BRDA:116,24,1,2
BRDA:120,25,0,1
BRDA:120,25,1,2
BRDA:126,26,0,2
BRDA:126,26,1,16
BRDA:126,27,0,18
BRDA:126,27,1,5
BRDA:126,27,2,3
BRDA:127,28,0,2
BRDA:127,28,1,0
BRDA:130,29,0,2
BRDA:130,29,1,0
BRDA:131,30,0,12
BRDA:131,30,1,3
BRDA:132,31,0,2
BRDA:132,31,1,0
BRDA:133,32,0,2
BRDA:133,32,1,0
BRDA:137,33,0,1
BRDA:137,33,1,1
BRDA:141,34,0,1
BRDA:141,34,1,1
BRDA:145,35,0,1
BRDA:145,35,1,1
BRDA:153,36,0,5
BRDA:153,36,1,13
BRDA:153,37,0,18
BRDA:153,37,1,13
BRDA:155,38,0,30
BRDA:155,38,1,7
BRDA:156,39,0,4
BRDA:156,39,1,1
BRDA:157,40,0,1
BRDA:157,40,1,3
BRDA:161,41,0,1
BRDA:161,41,1,3
BRDA:165,42,0,1
BRDA:165,42,1,3
BRDA:171,43,0,8
BRDA:171,43,1,10
BRDA:171,44,0,18
BRDA:171,44,1,13
BRDA:172,45,0,3
BRDA:172,45,1,5
BRDA:174,46,0,9
BRDA:174,46,1,9
BRDA:176,47,0,2
BRDA:176,47,1,6
BRDA:180,48,0,2
BRDA:180,48,1,6
BRDA:185,49,0,4
BRDA:185,49,1,14
BRDA:186,50,0,23
BRDA:186,50,1,2
BRDA:188,51,0,15
BRDA:188,51,1,3
BRDA:208,52,0,12
BRDA:208,52,1,1
BRDA:209,53,0,1
BRDA:209,53,1,1
BRDA:217,54,0,1
BRDA:217,54,1,0
BRDA:217,55,0,1
BRDA:217,55,1,2
BRDA:238,56,0,12
BRDA:238,56,1,1
BRDA:239,57,0,1
BRDA:239,57,1,1
BRDA:263,58,0,1
BRDA:263,58,1,11
BRDA:264,59,0,1
BRDA:264,59,1,0
BRDA:270,60,0,1
BRDA:270,60,1,1
BRF:123
BRH:113
end_of_record
TN:
SF:/Users/farce/Desktop/dev/PropertyPro-lite/PropertyPro-lite/API/controllers/userController.js
FN:6,login
FN:44,signup
FNF:2
FNH:2
FNDA:7,login
FNDA:6,signup
DA:1,1
DA:2,1
DA:3,1
DA:7,7
DA:8,7
DA:9,6
DA:10,6
DA:11,1
DA:16,5
DA:17,1
DA:22,4
DA:23,4
DA:24,4
DA:25,4
DA:26,4
DA:35,4
DA:40,1
DA:45,6
DA:48,6
DA:49,5
DA:50,5
DA:51,1
DA:56,4
DA:57,1
DA:62,3
DA:63,3
DA:67,3
DA:68,3
DA:69,3
DA:70,3
DA:71,3
DA:73,3
DA:83,3
DA:89,1
LF:34
LH:34
BRDA:10,0,0,1
BRDA:10,0,1,5
BRDA:16,1,0,1
BRDA:16,1,1,4
BRDA:50,2,0,1
BRDA:50,2,1,4
BRDA:56,3,0,1
BRDA:56,3,1,3
BRF:8
BRH:8
end_of_record
TN:
SF:/Users/farce/Desktop/dev/PropertyPro-lite/PropertyPro-lite/API/db/db.js
FNF:0
FNH:0
DA:2,1
DA:90,1
DA:173,1
LF:3
LH:3
BRF:0
BRH:0
end_of_record
TN:
SF:/Users/farce/Desktop/dev/PropertyPro-lite/PropertyPro-lite/API/helpers/userHelper.js
FN:7,findUser
FN:9,(anonymous_9)
FN:16,findUserById
FN:20,findUserByEmail
FN:24,findPropertyOwner
FN:25,(anonymous_13)
FN:32,hashPassword
FN:38,comparePassword
FN:42,generateToken
FNF:9
FNH:9
FNDA:34,findUser
FNDA:264,(anonymous_9)
FNDA:6,findUserById
FNDA:11,findUserByEmail
FNDA:20,findPropertyOwner
FNDA:120,(anonymous_13)
FNDA:3,hashPassword
FNDA:5,comparePassword
FNDA:7,generateToken
DA:1,1
DA:2,1
DA:3,1
DA:4,1
DA:8,34
DA:9,264
DA:10,34
DA:11,29
DA:13,5
DA:17,6
DA:21,11
DA:25,120
DA:26,20
DA:27,17
DA:29,3
DA:33,3
DA:34,3
DA:35,3
DA:39,5
DA:43,7
DA:51,7
DA:52,7
LF:22
LH:22
BRDA:10,0,0,29
BRDA:10,0,1,5
BRDA:26,1,0,17
BRDA:26,1,1,3
BRF:4
BRH:4
end_of_record
TN:
SF:/Users/farce/Desktop/dev/PropertyPro-lite/PropertyPro-lite/API/middlewares/authMiddleware.js
FN:5,errorResponse
FN:12,validationError
FN:13,(anonymous_10)
FN:17,authenticateUser
FNF:4
FNH:4
FNDA:36,errorResponse
FNDA:36,validationError
FNDA:53,(anonymous_10)
FNDA:61,authenticateUser
DA:1,1
DA:2,1
DA:6,36
DA:13,53
DA:14,36
DA:18,61
DA:19,61
DA:20,3
DA:26,58
DA:27,58
DA:28,1
DA:33,57
DA:38,57
LF:13
LH:13
BRDA:19,0,0,3
BRDA:19,0,1,58
BRDA:27,1,0,1
BRDA:27,1,1,57
BRF:4
BRH:4
end_of_record
TN:
SF:/Users/farce/Desktop/dev/PropertyPro-lite/PropertyPro-lite/API/middlewares/permissionMiddleware.js
FN:4,authAgent
FN:15,authPropertyOwner
FNF:2
FNH:2
FNDA:16,authAgent
FNDA:20,authPropertyOwner
DA:1,1
DA:5,16
DA:6,1
DA:12,15
DA:15,20
DA:16,20
DA:17,20
DA:19,20
DA:21,20
DA:22,17
DA:23,7
DA:30,13
LF:12
LH:12
BRDA:5,0,0,1
BRDA:5,0,1,15
BRDA:17,1,0,20
BRDA:17,1,1,0
BRDA:21,2,0,17
BRDA:21,2,1,3
BRDA:22,3,0,7
BRDA:22,3,1,10
BRF:8
BRH:7
end_of_record
TN:
SF:/Users/farce/Desktop/dev/PropertyPro-lite/PropertyPro-lite/API/middlewares/validateMiddleware.js
FN:4,loginCheck
FN:17,signupCheck
FN:38,propertyListingCheck
FN:80,listingEditCheck
FNF:4
FNH:4
FNDA:9,loginCheck
FNDA:17,signupCheck
FNDA:15,propertyListingCheck
FNDA:9,listingEditCheck
DA:1,1
DA:5,9
DA:6,9
DA:7,9
DA:9,9
DA:10,9
DA:11,3
DA:12,3
DA:14,6
DA:18,17
DA:19,17
DA:20,17
DA:21,17
DA:22,17
DA:23,17
DA:24,17
DA:25,17
DA:26,17
DA:30,17
DA:31,17
DA:32,12
DA:33,12
DA:35,5
DA:39,15
DA:43,15
DA:46,15
DA:49,15
DA:51,15
DA:53,15
DA:54,15
DA:55,15
DA:59,15
DA:60,15
DA:61,14
DA:62,14
DA:64,1
DA:81,9
DA:84,9
DA:87,9
DA:89,9
DA:90,9
DA:91,9
DA:95,9
DA:98,9
DA:99,9
DA:100,7
DA:101,7
DA:103,2
LF:48
LH:48
BRDA:10,0,0,3
BRDA:10,0,1,6
BRDA:31,1,0,12
BRDA:31,1,1,5
BRDA:60,2,0,14
BRDA:60,2,1,1
BRDA:99,3,0,7
BRDA:99,3,1,2
BRF:8
BRH:8
end_of_record
TN:
SF:/Users/farce/Desktop/dev/PropertyPro-lite/PropertyPro-lite/API/models/property.js
FN:2,Property
FNF:1
FNH:1
FNDA:1,Property
DA:2,1
DA:18,1
DA:19,1
DA:20,1
DA:21,1
DA:22,1
DA:23,1
DA:24,1
DA:25,1
DA:26,1
DA:27,1
DA:28,1
DA:29,1
DA:30,1
DA:31,1
DA:32,1
DA:33,1
LF:17
LH:17
BRDA:20,0,0,1
BRDA:20,0,1,0
BRDA:26,1,0,1
BRDA:26,1,1,1
BRDA:30,2,0,1
BRDA:30,2,1,1
BRDA:31,3,0,1
BRDA:31,3,1,1
BRDA:33,4,0,1
BRDA:33,4,1,1
BRF:10
BRH:9
end_of_record
TN:
SF:/Users/farce/Desktop/dev/PropertyPro-lite/PropertyPro-lite/API/models/user.js
FN:3,User
FN:40,logIn
FNF:2
FNH:2
FNDA:3,User
FNDA:3,logIn
DA:19,3
DA:20,3
DA:21,3
DA:22,3
DA:23,3
DA:24,3
DA:25,3
DA:26,3
DA:27,3
DA:28,3
DA:29,3
DA:30,3
DA:31,3
DA:32,3
DA:33,3
DA:34,3
DA:35,3
DA:36,3
DA:37,3
DA:41,3
DA:42,3
LF:21
LH:21
BRDA:20,0,0,3
BRDA:20,0,1,0
BRDA:25,1,0,3
BRDA:25,1,1,3
BRDA:26,2,0,3
BRDA:26,2,1,2
BRDA:27,3,0,3
BRDA:27,3,1,3
BRDA:28,4,0,3
BRDA:28,4,1,3
BRDA:29,5,0,3
BRDA:29,5,1,3
BRDA:30,6,0,3
BRDA:30,6,1,3
BRDA:33,7,0,3
BRDA:33,7,1,0
BRF:16
BRH:14
end_of_record
TN:
SF:/Users/farce/Desktop/dev/PropertyPro-lite/PropertyPro-lite/API/routes/authRouter.js
FNF:0
FNH:0
DA:1,1
DA:2,1
DA:3,1
DA:5,1
DA:7,1
DA:8,1
DA:10,1
DA:11,1
LF:8
LH:8
BRF:0
BRH:0
end_of_record
TN:
SF:/Users/farce/Desktop/dev/PropertyPro-lite/PropertyPro-lite/API/routes/propertyRouter.js
FNF:0
FNH:0
DA:1,1
DA:2,1
DA:3,1
DA:4,1
DA:5,1
DA:7,1
DA:11,1
DA:13,1
DA:14,1
DA:15,1
DA:17,1
DA:19,1
DA:20,1
DA:21,1
DA:22,1
DA:23,1
DA:24,1
LF:17
LH:17
BRF:0
BRH:0
end_of_record
TN:
SF:/Users/farce/Desktop/dev/PropertyPro-lite/PropertyPro-lite/API/test/index.js
FN:25,(anonymous_1)
FN:39,(anonymous_2)
FN:45,(anonymous_3)
FN:58,(anonymous_4)
FN:65,(anonymous_5)
FN:67,(anonymous_6)
FN:71,(anonymous_7)
FN:76,(anonymous_8)
FN:80,(anonymous_9)
FN:88,(anonymous_10)
FN:92,(anonymous_11)
FN:98,(anonymous_12)
FN:103,(anonymous_13)
FN:111,(anonymous_14)
FN:112,(anonymous_15)
FN:123,(anonymous_16)
FN:130,(anonymous_17)
FN:142,(anonymous_18)
FN:149,(anonymous_19)
FN:161,(anonymous_20)
FN:168,(anonymous_21)
FN:180,(anonymous_22)
FN:187,(anonymous_23)
FN:199,(anonymous_24)
FN:206,(anonymous_25)
FN:218,(anonymous_26)
FN:225,(anonymous_27)
FN:237,(anonymous_28)
FN:244,(anonymous_29)
FN:256,(anonymous_30)
FN:263,(anonymous_31)
FN:275,(anonymous_32)
FN:282,(anonymous_33)
FN:293,(anonymous_34)
FN:300,(anonymous_35)
FN:312,(anonymous_36)
FN:319,(anonymous_37)
FN:331,(anonymous_38)
FN:338,(anonymous_39)
FN:349,(anonymous_40)
FN:356,(anonymous_41)
FN:368,(anonymous_42)
FN:375,(anonymous_43)
FN:387,(anonymous_44)
FN:395,(anonymous_45)
FN:412,(anonymous_46)
FN:413,(anonymous_47)
FN:421,(anonymous_48)
FN:428,(anonymous_49)
FN:436,(anonymous_50)
FN:443,(anonymous_51)
FN:451,(anonymous_52)
FN:458,(anonymous_53)
FN:466,(anonymous_54)
FN:473,(anonymous_55)
FN:481,(anonymous_56)
FN:488,(anonymous_57)
FN:496,(anonymous_58)
FN:503,(anonymous_59)
FN:516,(anonymous_60)
FN:675,(anonymous_61)
FN:683,(anonymous_62)
FN:691,(anonymous_63)
FN:699,(anonymous_64)
FN:706,(anonymous_65)
FN:712,(anonymous_66)
FN:719,(anonymous_67)
FN:725,(anonymous_68)
FN:732,(anonymous_69)
FN:738,(anonymous_70)
FN:745,(anonymous_71)
FN:751,(anonymous_72)
FN:758,(anonymous_73)
FN:764,(anonymous_74)
FN:771,(anonymous_75)
FN:777,(anonymous_76)
FN:784,(anonymous_77)
FN:790,(anonymous_78)
FN:797,(anonymous_79)
FN:803,(anonymous_80)
FN:810,(anonymous_81)
FN:816,(anonymous_82)
FN:823,(anonymous_83)
FN:829,(anonymous_84)
FN:836,(anonymous_85)
FN:842,(anonymous_86)
FN:849,(anonymous_87)
FN:855,(anonymous_88)
FN:862,(anonymous_89)
FN:868,(anonymous_90)
FN:875,(anonymous_91)
FN:881,(anonymous_92)
FN:888,(anonymous_93)
FN:896,(anonymous_94)
FN:897,(anonymous_95)
FN:902,(anonymous_96)
FN:926,(anonymous_97)
FN:931,(anonymous_98)
FN:938,(anonymous_99)
FN:942,(anonymous_100)
FN:949,(anonymous_101)
FN:956,(anonymous_102)
FN:957,(anonymous_103)
FN:958,(anonymous_104)
FN:964,(anonymous_105)
FN:965,(anonymous_106)
FN:967,(anonymous_107)
FN:972,(anonymous_108)
FN:996,(anonymous_109)
FN:1000,(anonymous_110)
FN:1009,(anonymous_111)
FN:1010,(anonymous_112)
FN:1011,(anonymous_113)
FN:1013,(anonymous_114)
FN:1014,(anonymous_115)
FN:1016,(anonymous_116)
FN:1021,(anonymous_117)
FN:1029,(anonymous_118)
FN:1030,(anonymous_119)
FN:1035,(anonymous_120)
FN:1059,(anonymous_121)
FN:1064,(anonymous_122)
FN:1088,(anonymous_123)
FN:1092,(anonymous_124)
FN:1099,(anonymous_125)
FN:1104,(anonymous_126)
FN:1111,(anonymous_127)
FN:1116,(anonymous_128)
FN:1140,(anonymous_129)
FN:1145,(anonymous_130)
FN:1169,(anonymous_131)
FN:1174,(anonymous_132)
FN:1198,(anonymous_133)
FN:1203,(anonymous_134)
FN:1226,(anonymous_135)
FN:1231,(anonymous_136)
FN:1254,(anonymous_137)
FN:1259,(anonymous_138)
FN:1282,(anonymous_139)
FN:1287,(anonymous_140)
FN:1310,(anonymous_141)
FN:1315,(anonymous_142)
FN:1338,(anonymous_143)
FN:1343,(anonymous_144)
FN:1366,(anonymous_145)
FN:1371,(anonymous_146)
FN:1394,(anonymous_147)
FN:1399,(anonymous_148)
FN:1422,(anonymous_149)
FN:1427,(anonymous_150)
FN:1450,(anonymous_151)
FN:1455,(anonymous_152)
FN:1479,(anonymous_153)
FN:1484,(anonymous_154)
FN:1491,(anonymous_155)
FN:1498,(anonymous_156)
FN:1586,(anonymous_157)
FN:1595,(anonymous_158)
FN:1600,(anonymous_159)
FN:1608,(anonymous_160)
FN:1632,(anonymous_161)
FN:1640,(anonymous_162)
FN:1647,(anonymous_163)
FN:1655,(anonymous_164)
FN:1662,(anonymous_165)
FN:1670,(anonymous_166)
FN:1677,(anonymous_167)
FN:1685,(anonymous_168)
FN:1692,(anonymous_169)
FN:1698,(anonymous_170)
FN:1705,(anonymous_171)
FN:1711,(anonymous_172)
FN:1718,(anonymous_173)
FN:1724,(anonymous_174)
FN:1731,(anonymous_175)
FN:1737,(anonymous_176)
FN:1744,(anonymous_177)
FN:1750,(anonymous_178)
FN:1757,(anonymous_179)
FN:1763,(anonymous_180)
FN:1770,(anonymous_181)
FN:1776,(anonymous_182)
FN:1783,(anonymous_183)
FN:1791,(anonymous_184)
FN:1793,(anonymous_185)
FN:1802,(anonymous_186)
FN:1807,(anonymous_187)
FN:1812,(anonymous_188)
FN:1831,(anonymous_189)
FN:1836,(anonymous_190)
FN:1843,(anonymous_191)
FN:1848,(anonymous_192)
FN:1855,(anonymous_193)
FN:1860,(anonymous_194)
FN:1867,(anonymous_195)
FN:1874,(anonymous_196)
FN:1876,(anonymous_197)
FN:1885,(anonymous_198)
FN:1890,(anonymous_199)
FN:1895,(anonymous_200)
FN:1902,(anonymous_201)
FN:1907,(anonymous_202)
FN:1914,(anonymous_203)
FN:1919,(anonymous_204)
FN:1926,(anonymous_205)
FN:1931,(anonymous_206)
FN:1938,(anonymous_207)
FN:1943,(anonymous_208)
FN:1950,(anonymous_209)
FNF:209
FNH:209
FNDA:1,(anonymous_1)
FNDA:1,(anonymous_2)
FNDA:1,(anonymous_3)
FNDA:1,(anonymous_4)
FNDA:1,(anonymous_5)
FNDA:1,(anonymous_6)
FNDA:1,(anonymous_7)
FNDA:1,(anonymous_8)
FNDA:1,(anonymous_9)
FNDA:1,(anonymous_10)
FNDA:1,(anonymous_11)
FNDA:1,(anonymous_12)
FNDA:1,(anonymous_13)
FNDA:1,(anonymous_14)
FNDA:1,(anonymous_15)
FNDA:1,(anonymous_16)
FNDA:1,(anonymous_17)
FNDA:1,(anonymous_18)
FNDA:1,(anonymous_19)
FNDA:1,(anonymous_20)
FNDA:1,(anonymous_21)
FNDA:1,(anonymous_22)
FNDA:1,(anonymous_23)
FNDA:1,(anonymous_24)
FNDA:1,(anonymous_25)
FNDA:1,(anonymous_26)
FNDA:1,(anonymous_27)
FNDA:1,(anonymous_28)
FNDA:1,(anonymous_29)
FNDA:1,(anonymous_30)
FNDA:1,(anonymous_31)
FNDA:1,(anonymous_32)
FNDA:1,(anonymous_33)
FNDA:1,(anonymous_34)
FNDA:1,(anonymous_35)
FNDA:1,(anonymous_36)
FNDA:1,(anonymous_37)
FNDA:1,(anonymous_38)
FNDA:1,(anonymous_39)
FNDA:1,(anonymous_40)
FNDA:1,(anonymous_41)
FNDA:1,(anonymous_42)
FNDA:1,(anonymous_43)
FNDA:1,(anonymous_44)
FNDA:1,(anonymous_45)
FNDA:1,(anonymous_46)
FNDA:1,(anonymous_47)
FNDA:1,(anonymous_48)
FNDA:1,(anonymous_49)
FNDA:1,(anonymous_50)
FNDA:1,(anonymous_51)
FNDA:1,(anonymous_52)
FNDA:1,(anonymous_53)
FNDA:1,(anonymous_54)
FNDA:1,(anonymous_55)
FNDA:1,(anonymous_56)
FNDA:1,(anonymous_57)
FNDA:1,(anonymous_58)
FNDA:1,(anonymous_59)
FNDA:1,(anonymous_60)
FNDA:1,(anonymous_61)
FNDA:1,(anonymous_62)
FNDA:1,(anonymous_63)
FNDA:1,(anonymous_64)
FNDA:1,(anonymous_65)
FNDA:1,(anonymous_66)
FNDA:1,(anonymous_67)
FNDA:1,(anonymous_68)
FNDA:1,(anonymous_69)
FNDA:1,(anonymous_70)
FNDA:1,(anonymous_71)
FNDA:1,(anonymous_72)
FNDA:1,(anonymous_73)
FNDA:1,(anonymous_74)
FNDA:1,(anonymous_75)
FNDA:1,(anonymous_76)
FNDA:1,(anonymous_77)
FNDA:1,(anonymous_78)
FNDA:1,(anonymous_79)
FNDA:1,(anonymous_80)
FNDA:1,(anonymous_81)
FNDA:1,(anonymous_82)
FNDA:1,(anonymous_83)
FNDA:1,(anonymous_84)
FNDA:1,(anonymous_85)
FNDA:1,(anonymous_86)
FNDA:1,(anonymous_87)
FNDA:1,(anonymous_88)
FNDA:1,(anonymous_89)
FNDA:1,(anonymous_90)
FNDA:1,(anonymous_91)
FNDA:1,(anonymous_92)
FNDA:1,(anonymous_93)
FNDA:1,(anonymous_94)
FNDA:1,(anonymous_95)
FNDA:1,(anonymous_96)
FNDA:1,(anonymous_97)
FNDA:1,(anonymous_98)
FNDA:1,(anonymous_99)
FNDA:1,(anonymous_100)
FNDA:1,(anonymous_101)
FNDA:1,(anonymous_102)
FNDA:2,(anonymous_103)
FNDA:12,(anonymous_104)
FNDA:2,(anonymous_105)
FNDA:12,(anonymous_106)
FNDA:1,(anonymous_107)
FNDA:1,(anonymous_108)
FNDA:1,(anonymous_109)
FNDA:1,(anonymous_110)
FNDA:1,(anonymous_111)
FNDA:1,(anonymous_112)
FNDA:6,(anonymous_113)
FNDA:1,(anonymous_114)
FNDA:6,(anonymous_115)
FNDA:1,(anonymous_116)
FNDA:1,(anonymous_117)
FNDA:1,(anonymous_118)
FNDA:1,(anonymous_119)
FNDA:1,(anonymous_120)
FNDA:1,(anonymous_121)
FNDA:1,(anonymous_122)
FNDA:1,(anonymous_123)
FNDA:1,(anonymous_124)
FNDA:1,(anonymous_125)
FNDA:1,(anonymous_126)
FNDA:1,(anonymous_127)
FNDA:1,(anonymous_128)
FNDA:1,(anonymous_129)
FNDA:1,(anonymous_130)
FNDA:1,(anonymous_131)
FNDA:1,(anonymous_132)
FNDA:1,(anonymous_133)
FNDA:1,(anonymous_134)
FNDA:1,(anonymous_135)
FNDA:1,(anonymous_136)
FNDA:1,(anonymous_137)
FNDA:1,(anonymous_138)
FNDA:1,(anonymous_139)
FNDA:1,(anonymous_140)
FNDA:1,(anonymous_141)
FNDA:1,(anonymous_142)
FNDA:1,(anonymous_143)
FNDA:1,(anonymous_144)
FNDA:1,(anonymous_145)
FNDA:1,(anonymous_146)
FNDA:1,(anonymous_147)
FNDA:1,(anonymous_148)
FNDA:1,(anonymous_149)
FNDA:1,(anonymous_150)
FNDA:1,(anonymous_151)
FNDA:1,(anonymous_152)
FNDA:1,(anonymous_153)
FNDA:1,(anonymous_154)
FNDA:1,(anonymous_155)
FNDA:1,(anonymous_156)
FNDA:1,(anonymous_157)
FNDA:1,(anonymous_158)
FNDA:1,(anonymous_159)
FNDA:1,(anonymous_160)
FNDA:1,(anonymous_161)
FNDA:1,(anonymous_162)
FNDA:1,(anonymous_163)
FNDA:1,(anonymous_164)
FNDA:1,(anonymous_165)
FNDA:1,(anonymous_166)
FNDA:1,(anonymous_167)
FNDA:1,(anonymous_168)
FNDA:1,(anonymous_169)
FNDA:1,(anonymous_170)
FNDA:1,(anonymous_171)
FNDA:1,(anonymous_172)
FNDA:1,(anonymous_173)
FNDA:1,(anonymous_174)
FNDA:1,(anonymous_175)
FNDA:1,(anonymous_176)
FNDA:1,(anonymous_177)
FNDA:1,(anonymous_178)
FNDA:1,(anonymous_179)
FNDA:1,(anonymous_180)
FNDA:1,(anonymous_181)
FNDA:1,(anonymous_182)
FNDA:1,(anonymous_183)
FNDA:1,(anonymous_184)
FNDA:1,(anonymous_185)
FNDA:1,(anonymous_186)
FNDA:1,(anonymous_187)
FNDA:1,(anonymous_188)
FNDA:1,(anonymous_189)
FNDA:1,(anonymous_190)
FNDA:1,(anonymous_191)
FNDA:1,(anonymous_192)
FNDA:1,(anonymous_193)
FNDA:1,(anonymous_194)
FNDA:1,(anonymous_195)
FNDA:1,(anonymous_196)
FNDA:1,(anonymous_197)
FNDA:1,(anonymous_198)
FNDA:1,(anonymous_199)
FNDA:1,(anonymous_200)
FNDA:1,(anonymous_201)
FNDA:1,(anonymous_202)
FNDA:1,(anonymous_203)
FNDA:1,(anonymous_204)
FNDA:1,(anonymous_205)
FNDA:1,(anonymous_206)
FNDA:1,(anonymous_207)
FNDA:1,(anonymous_208)
FNDA:1,(anonymous_209)
DA:1,1
DA:2,1
DA:3,1
DA:4,1
DA:5,1
DA:6,1
DA:7,1
DA:8,1
DA:10,1
DA:11,1
DA:12,1
DA:13,1
DA:14,1
DA:16,1
DA:18,1
DA:19,1
DA:20,1
DA:22,1
DA:23,1
DA:25,1
DA:26,1
DA:35,1
DA:40,1
DA:41,1
DA:45,1
DA:46,1
DA:54,1
DA:59,1
DA:60,1
DA:65,1
DA:67,1
DA:68,1
DA:72,1
DA:73,1
DA:76,1
DA:77,1
DA:81,1
DA:82,1
DA:83,1
DA:84,1
DA:88,1
DA:89,1
DA:93,1
DA:94,1
DA:98,1
DA:99,1
DA:104,1
DA:105,1
DA:111,1
DA:112,1
DA:113,1
DA:124,1
DA:125,1
DA:126,1
DA:127,1
DA:130,1
DA:131,1
DA:143,1
DA:144,1
DA:145,1
DA:146,1
DA:149,1
DA:150,1
DA:162,1
DA:163,1
DA:164,1
DA:165,1
DA:168,1
DA:169,1
DA:181,1
DA:182,1
DA:183,1
DA:184,1
DA:187,1
DA:188,1
DA:200,1
DA:201,1
DA:202,1
DA:203,1
DA:206,1
DA:207,1
DA:219,1
DA:220,1
DA:221,1
DA:222,1
DA:225,1
DA:226,1
DA:238,1
DA:239,1
DA:240,1
DA:241,1
DA:244,1
DA:245,1
DA:257,1
DA:258,1
DA:259,1
DA:260,1
DA:263,1
DA:264,1
DA:276,1
DA:277,1
DA:278,1
DA:279,1
DA:282,1
DA:283,1
DA:294,1
DA:295,1
DA:296,1
DA:297,1
DA:300,1
DA:301,1
DA:313,1
DA:314,1
DA:315,1
DA:316,1
DA:319,1
DA:320,1
DA:332,1
DA:333,1
DA:334,1
DA:335,1
DA:338,1
DA:339,1
DA:350,1
DA:351,1
DA:352,1
DA:353,1
DA:356,1
DA:357,1
DA:369,1
DA:370,1
DA:371,1
DA:372,1
DA:375,1
DA:376,1
DA:388,1
DA:389,1
DA:390,1
DA:392,1
DA:395,1
DA:396,1
DA:404,1
DA:405,1
DA:407,1
DA:412,1
DA:413,1
DA:414,1
DA:422,1
DA:423,1
DA:424,1
DA:425,1
DA:428,1
DA:429,1
DA:437,1
DA:438,1
DA:439,1
DA:440,1
DA:443,1
DA:444,1
DA:452,1
DA:453,1
DA:454,1
DA:455,1
DA:458,1
DA:459,1
DA:467,1
DA:468,1
DA:469,1
DA:470,1
DA:473,1
DA:474,1
DA:482,1
DA:483,1
DA:484,1
DA:485,1
DA:488,1
DA:489,1
DA:497,1
DA:498,1
DA:499,1
DA:500,1
DA:503,1
DA:504,1
DA:508,1
DA:509,1
DA:511,1
DA:516,1
DA:517,1
DA:528,1
DA:538,1
DA:549,1
DA:559,1
DA:570,1
DA:580,1
DA:591,1
DA:601,1
DA:612,1
DA:622,1
DA:633,1
DA:643,1
DA:654,1
DA:664,1
DA:675,1
DA:676,1
DA:684,1
DA:685,1
DA:686,1
DA:687,1
DA:688,1
DA:691,1
DA:692,1
DA:700,1
DA:701,1
DA:702,1
DA:703,1
DA:706,1
DA:707,1
DA:713,1
DA:714,1
DA:715,1
DA:716,1
DA:719,1
DA:720,1
DA:726,1
DA:727,1
DA:728,1
DA:729,1
DA:732,1
DA:733,1
DA:739,1
DA:740,1
DA:741,1
DA:742,1
DA:745,1
DA:746,1
DA:752,1
DA:753,1
DA:754,1
DA:755,1
DA:758,1
DA:759,1
DA:765,1
DA:766,1
DA:767,1
DA:768,1
DA:771,1
DA:772,1
DA:778,1
DA:779,1
DA:780,1
DA:781,1
DA:784,1
DA:785,1
DA:791,1
DA:792,1
DA:793,1
DA:794,1
DA:797,1
DA:798,1
DA:804,1
DA:805,1
DA:806,1
DA:807,1
DA:810,1
DA:811,1
DA:817,1
DA:818,1
DA:819,1
DA:820,1
DA:823,1
DA:824,1
DA:830,1
DA:831,1
DA:832,1
DA:833,1
DA:836,1
DA:837,1
DA:843,1
DA:844,1
DA:845,1
DA:846,1
DA:849,1
DA:850,1
DA:856,1
DA:857,1
DA:858,1
DA:859,1
DA:862,1
DA:863,1
DA:869,1
DA:870,1
DA:871,1
DA:872,1
DA:875,1
DA:876,1
DA:882,1
DA:883,1
DA:884,1
DA:885,1
DA:888,1
DA:889,1
DA:890,1
DA:892,1
DA:896,1
DA:897,1
DA:898,1
DA:903,1
DA:904,1
DA:905,1
DA:906,1
DA:923,1
DA:926,1
DA:927,1
DA:932,1
DA:933,1
DA:934,1
DA:935,1
DA:938,1
DA:939,1
DA:943,1
DA:944,1
DA:945,1
DA:946,1
DA:949,1
DA:950,1
DA:951,1
DA:952,1
DA:956,1
DA:957,1
DA:958,2
DA:959,12
DA:960,10
DA:964,1
DA:965,12
DA:967,1
DA:968,1
DA:973,1
DA:974,1
DA:975,1
DA:976,1
DA:993,1
DA:996,1
DA:997,1
DA:1001,1
DA:1002,1
DA:1003,1
DA:1004,1
DA:1009,1
DA:1010,1
DA:1011,6
DA:1013,1
DA:1014,6
DA:1016,1
DA:1017,1
DA:1022,1
DA:1023,1
DA:1024,1
DA:1029,1
DA:1030,1
DA:1031,1
DA:1036,1
DA:1037,1
DA:1038,1
DA:1056,1
DA:1059,1
DA:1060,1
DA:1065,1
DA:1066,1
DA:1067,1
DA:1085,1
DA:1088,1
DA:1089,1
DA:1093,1
DA:1094,1
DA:1095,1
DA:1096,1
DA:1099,1
DA:1100,1
DA:1105,1
DA:1106,1
DA:1107,1
DA:1108,1
DA:1111,1
DA:1112,1
DA:1117,1
DA:1118,1
DA:1119,1
DA:1137,1
DA:1140,1
DA:1141,1
DA:1146,1
DA:1147,1
DA:1148,1
DA:1166,1
DA:1169,1
DA:1170,1
DA:1175,1
DA:1176,1
DA:1177,1
DA:1195,1
DA:1198,1
DA:1199,1
DA:1204,1
DA:1205,1
DA:1206,1
DA:1223,1
DA:1226,1
DA:1227,1
DA:1232,1
DA:1233,1
DA:1234,1
DA:1251,1
DA:1254,1
DA:1255,1
DA:1260,1
DA:1261,1
DA:1262,1
DA:1279,1
DA:1282,1
DA:1283,1
DA:1288,1
DA:1289,1
DA:1290,1
DA:1307,1
DA:1310,1
DA:1311,1
DA:1316,1
DA:1317,1
DA:1318,1
DA:1335,1
DA:1338,1
DA:1339,1
DA:1344,1
DA:1345,1
DA:1346,1
DA:1363,1
DA:1366,1
DA:1367,1
DA:1372,1
DA:1373,1
DA:1374,1
DA:1391,1
DA:1394,1
DA:1395,1
DA:1400,1
DA:1401,1
DA:1402,1
DA:1419,1
DA:1422,1
DA:1423,1
DA:1428,1
DA:1429,1
DA:1430,1
DA:1447,1
DA:1450,1
DA:1451,1
DA:1456,1
DA:1457,1
DA:1458,1
DA:1476,1
DA:1479,1
DA:1480,1
DA:1485,1
DA:1486,1
DA:1487,1
DA:1488,1
DA:1491,1
DA:1492,1
DA:1493,1
DA:1494,1
DA:1498,1
DA:1499,1
DA:1508,1
DA:1509,1
DA:1520,1
DA:1531,1
DA:1542,1
DA:1553,1
DA:1564,1
DA:1575,1
DA:1586,1
DA:1587,1
DA:1591,1
DA:1596,1
DA:1597,1
DA:1600,1
DA:1601,1
DA:1609,1
DA:1610,1
DA:1611,1
DA:1629,1
DA:1632,1
DA:1633,1
DA:1641,1
DA:1642,1
DA:1643,1
DA:1644,1
DA:1647,1
DA:1648,1
DA:1656,1
DA:1657,1
DA:1658,1
DA:1659,1
DA:1662,1
DA:1663,1
DA:1671,1
DA:1672,1
DA:1673,1
DA:1674,1
DA:1677,1
DA:1678,1
DA:1686,1
DA:1687,1
DA:1688,1
DA:1689,1
DA:1692,1
DA:1693,1
DA:1699,1
DA:1700,1
DA:1701,1
DA:1702,1
DA:1705,1
DA:1706,1
DA:1712,1
DA:1713,1
DA:1714,1
DA:1715,1
DA:1718,1
DA:1719,1
DA:1725,1
DA:1726,1
DA:1727,1
DA:1728,1
DA:1731,1
DA:1732,1
DA:1738,1
DA:1739,1
DA:1740,1
DA:1741,1
DA:1744,1
DA:1745,1
DA:1751,1
DA:1752,1
DA:1753,1
DA:1754,1
DA:1757,1
DA:1758,1
DA:1764,1
DA:1765,1
DA:1766,1
DA:1767,1
DA:1770,1
DA:1771,1
DA:1777,1
DA:1778,1
DA:1779,1
DA:1780,1
DA:1783,1
DA:1784,1
DA:1785,1
DA:1787,1
DA:1791,1
DA:1792,1
DA:1793,1
DA:1794,1
DA:1798,1
DA:1803,1
DA:1804,1
DA:1807,1
DA:1808,1
DA:1813,1
DA:1814,1
DA:1815,1
DA:1828,1
DA:1831,1
DA:1832,1
DA:1837,1
DA:1838,1
DA:1839,1
DA:1840,1
DA:1843,1
DA:1844,1
DA:1849,1
DA:1850,1
DA:1851,1
DA:1852,1
DA:1855,1
DA:1856,1
DA:1861,1
DA:1862,1
DA:1863,1
DA:1864,1
DA:1867,1
DA:1868,1
DA:1869,1
DA:1870,1
DA:1874,1
DA:1875,1
DA:1876,1
DA:1877,1
DA:1881,1
DA:1886,1
DA:1887,1
DA:1890,1
DA:1891,1
DA:1896,1
DA:1897,1
DA:1898,1
DA:1899,1
DA:1902,1
DA:1903,1
DA:1908,1
DA:1909,1
DA:1910,1
DA:1911,1
DA:1914,1
DA:1915,1
DA:1920,1
DA:1921,1
DA:1922,1
DA:1923,1
DA:1926,1
DA:1927,1
DA:1932,1
DA:1933,1
DA:1934,1
DA:1935,1
DA:1938,1
DA:1939,1
DA:1944,1
DA:1945,1
DA:1946,1
DA:1947,1
DA:1950,1
DA:1951,1
DA:1952,1
DA:1953,1
LF:637
LH:637
BRDA:959,0,0,10
BRDA:959,0,1,2
BRF:2
BRH:2
end_of_record
